#! /home/shay/a/ece270/bin/vvp
:ivl_version "12.0 (devel)" "(s20150603-1556-g542da1166)";
:ivl_delay_selection "TYPICAL";
:vpi_time_precision - 5;
:vpi_module "/home/shay/a/ece270/lib/ivl/system.vpi";
:vpi_module "/home/shay/a/ece270/lib/ivl/vhdl_sys.vpi";
:vpi_module "/home/shay/a/ece270/lib/ivl/vhdl_textio.vpi";
:vpi_module "/home/shay/a/ece270/lib/ivl/v2005_math.vpi";
:vpi_module "/home/shay/a/ece270/lib/ivl/va_math.vpi";
:vpi_module "/home/shay/a/ece270/lib/ivl/v2009.vpi";
S_0x55857dcfd330 .scope package, "$unit" "$unit" 2 1;
 .timescale 0 0;
S_0x55857dcfd4c0 .scope module, "tb_charbuf" "tb_charbuf" 3 3;
 .timescale -3 -5;
v0x55857ddc7020_0 .var *"_ivl_0", 0 0; Local signal
v0x55857ddc7120_0 .var "bksp", 0 0;
v0x55857ddc71e0_0 .var "clk", 0 0;
v0x55857ddc7280_0 .var "clr", 0 0;
v0x55857ddc7320_0 .var/2u "copy_msg", 0 0;
v0x55857ddc7410_0 .var "enable", 0 0;
v0x55857ddc74b0_0 .var "expected_is_empty", 0 0;
v0x55857ddc7550_0 .var "expected_out", 31 0;
v0x55857ddc75f0_0 .var "in_char", 3 0;
v0x55857ddc76c0_0 .var "is_ctrl", 0 0;
v0x55857ddc7790_0 .net "is_empty", 0 0, L_0x55857ddcff20;  1 drivers
v0x55857ddc7860_0 .var/str "message";
v0x55857ddc7900_0 .var "msg", 383 0;
v0x55857ddc79a0_0 .net "out", 31 0, v0x55857ddc6720_0;  1 drivers
v0x55857ddc7a70_0 .var/i "passed", 31 0;
v0x55857ddc7b30_0 .var "rst", 0 0;
v0x55857ddc7c00_0 .var/i "total", 31 0;
S_0x55857dc81cf0 .scope begin, "$ivl_for_loop1" "$ivl_for_loop1" 3 109, 3 109 0, S_0x55857dcfd4c0;
 .timescale -3 -5;
v0x55857dd79e10_0 .var/i "i", 31 0;
S_0x55857dda3ee0 .scope task, "check_outputs" "check_outputs" 3 25, 3 25 0, S_0x55857dcfd4c0;
 .timescale -3 -5;
TD_tb_charbuf.check_outputs ;
    %load/vec4 v0x55857ddc7320_0;
    %flag_set/vec4 8;
    %jmp/0xz  T_0.0, 8;
    %load/vec4 v0x55857ddc7900_0;
    %pushv/str; Cast BOOL/LOGIC to string
    %store/str v0x55857ddc7860_0;
    %jmp T_0.1;
T_0.0 ;
    %load/str v0x55857ddc7860_0;
    %store/str v0x55857ddc6e60_0;
    %callf/vec4 TD_tb_charbuf.str_to_logic, S_0x55857ddc6a20;
    %store/vec4 v0x55857ddc7900_0, 0, 384;
T_0.1 ;
    %load/vec4 v0x55857ddc79a0_0;
    %load/vec4 v0x55857ddc7550_0;
    %cmp/e;
    %jmp/0xz  T_0.2, 4;
    %load/vec4 v0x55857ddc7a70_0;
    %addi 1, 0, 32;
    %store/vec4 v0x55857ddc7a70_0, 0, 32;
    %vpi_call/w 3 34 "$display", "PASS: %s --- got out = 32'h%x, expected out = 32'h%x", v0x55857ddc7860_0, v0x55857ddc79a0_0, v0x55857ddc7550_0 {0 0 0};
    %jmp T_0.3;
T_0.2 ;
    %vpi_call/w 3 37 "$display", "FAIL: %s --- got out = 32'h%x, expected out = 32'h%x", v0x55857ddc7860_0, v0x55857ddc79a0_0, v0x55857ddc7550_0 {0 0 0};
T_0.3 ;
    %load/vec4 v0x55857ddc7790_0;
    %load/vec4 v0x55857ddc74b0_0;
    %cmp/e;
    %jmp/0xz  T_0.4, 4;
    %load/vec4 v0x55857ddc7a70_0;
    %addi 1, 0, 32;
    %store/vec4 v0x55857ddc7a70_0, 0, 32;
    %vpi_call/w 3 41 "$display", "PASS: %s --- got is_empty = 1'b%1d, expected is_empty = 1'b%1d", v0x55857ddc7860_0, v0x55857ddc7790_0, v0x55857ddc74b0_0 {0 0 0};
    %jmp T_0.5;
T_0.4 ;
    %vpi_call/w 3 44 "$display", "FAIL: %s --- got is_empty = 1'b%1d, expected is_empty = 1'b%1d", v0x55857ddc7860_0, v0x55857ddc7790_0, v0x55857ddc74b0_0 {0 0 0};
T_0.5 ;
    %load/vec4 v0x55857ddc7c00_0;
    %addi 2, 0, 32;
    %store/vec4 v0x55857ddc7c00_0, 0, 32;
    %end;
S_0x55857dda4090 .scope module, "dut" "charbuf" 3 12, 4 5 0, S_0x55857dcfd4c0;
 .timescale 0 0;
    .port_info 0 /INPUT 1 "clk";
    .port_info 1 /INPUT 1 "rst";
    .port_info 2 /INPUT 1 "enable";
    .port_info 3 /INPUT 1 "clr";
    .port_info 4 /INPUT 1 "bksp";
    .port_info 5 /INPUT 1 "is_ctrl";
    .port_info 6 /INPUT 4 "in_char";
    .port_info 7 /OUTPUT 1 "is_empty";
    .port_info 8 /OUTPUT 32 "out";
L_0x55857dd78fe0 .functor OR 1, v0x55857ddc7b30_0, v0x55857ddc7280_0, C4<0>, C4<0>;
L_0x55857dd78310 .functor OR 1, L_0x55857ddc7d60, L_0x55857ddc7e50, C4<0>, C4<0>;
L_0x55857dd79cb0 .functor OR 1, L_0x55857ddc7f90, L_0x55857ddc8030, C4<0>, C4<0>;
L_0x55857dd7a980 .functor OR 1, L_0x55857ddc8180, L_0x55857ddc8220, C4<0>, C4<0>;
L_0x55857dd7b650 .functor OR 1, L_0x55857ddc83d0, L_0x55857ddc8470, C4<0>, C4<0>;
L_0x55857dd7f240 .functor OR 1, L_0x55857ddc8630, L_0x55857ddc86d0, C4<0>, C4<0>;
L_0x55857dd84b30 .functor OR 1, L_0x55857ddc8890, L_0x55857ddc8930, C4<0>, C4<0>;
L_0x55857ddc89d0 .functor OR 1, L_0x55857ddc8ae0, L_0x55857ddc8b80, C4<0>, C4<0>;
L_0x55857ddc8f90 .functor OR 1, L_0x55857ddc8dc0, L_0x55857ddc8e60, C4<0>, C4<0>;
L_0x55857ddc92b0 .functor OR 1, L_0x55857ddc90d0, L_0x55857ddc9170, C4<0>, C4<0>;
L_0x55857ddc9640 .functor OR 1, L_0x55857ddc9450, L_0x55857ddc94f0, C4<0>, C4<0>;
L_0x55857ddc9890 .functor OR 1, L_0x55857ddc9210, L_0x55857ddc9730, C4<0>, C4<0>;
L_0x55857ddc9c50 .functor OR 1, L_0x55857ddc9a40, L_0x55857ddc9ae0, C4<0>, C4<0>;
L_0x55857ddc9fb0 .functor OR 1, L_0x55857ddc9d90, L_0x55857ddc9e30, C4<0>, C4<0>;
L_0x55857ddc99d0 .functor OR 1, L_0x55857ddca170, L_0x55857ddca210, C4<0>, C4<0>;
L_0x55857ddca6b0 .functor OR 1, L_0x55857ddca470, L_0x55857ddca510, C4<0>, C4<0>;
L_0x55857ddcb020 .functor OR 1, L_0x55857ddcadd0, L_0x55857ddcaf80, C4<0>, C4<0>;
L_0x55857ddcb430 .functor OR 1, L_0x55857ddcb180, L_0x55857ddcb390, C4<0>, C4<0>;
L_0x55857ddcb310 .functor OR 1, L_0x55857ddcb5e0, L_0x55857ddcb270, C4<0>, C4<0>;
L_0x55857ddcba80 .functor OR 1, L_0x55857ddcb800, L_0x55857ddcb9e0, C4<0>, C4<0>;
L_0x55857ddcbe30 .functor OR 1, L_0x55857ddcb540, L_0x55857ddcbd90, C4<0>, C4<0>;
L_0x55857ddcc1e0 .functor OR 1, L_0x55857ddcbf40, L_0x55857ddcc140, C4<0>, C4<0>;
L_0x55857ddcc660 .functor OR 1, L_0x55857ddcc3b0, L_0x55857ddcc5c0, C4<0>, C4<0>;
L_0x55857ddcca30 .functor OR 1, L_0x55857ddcc770, L_0x55857ddcc990, C4<0>, C4<0>;
L_0x55857ddcd3a0 .functor OR 1, L_0x55857ddcd0c0, L_0x55857ddcd160, C4<0>, C4<0>;
L_0x55857ddcd840 .functor OR 1, L_0x55857ddcd500, L_0x55857ddcd5f0, C4<0>, C4<0>;
L_0x55857ddcdd30 .functor OR 1, L_0x55857ddcda30, L_0x55857ddcdad0, C4<0>, C4<0>;
L_0x55857ddce100 .functor OR 1, L_0x55857ddcddf0, L_0x55857ddcde90, C4<0>, C4<0>;
L_0x55857ddce7b0 .functor OR 1, L_0x55857ddce490, L_0x55857ddce710, C4<0>, C4<0>;
L_0x55857ddcec90 .functor OR 1, L_0x55857ddce910, L_0x55857ddcebf0, C4<0>, C4<0>;
L_0x55857ddcf4e0 .functor OR 1, L_0x55857ddcf190, L_0x55857ddcf230, C4<0>, C4<0>;
L_0x55857ddcf9a0 .functor OR 1, L_0x55857ddcf5f0, L_0x55857ddcf6e0, C4<0>, C4<0>;
L_0x55857ddcfbc0 .functor OR 1, v0x55857ddc7280_0, L_0x55857ddcfcf0, C4<0>, C4<0>;
L_0x55857ddcfc30 .functor OR 1, L_0x55857ddcfbc0, L_0x55857ddd0160, C4<0>, C4<0>;
L_0x55857ddcfe10 .functor OR 1, L_0x55857ddcfcf0, L_0x55857ddd0160, C4<0>, C4<0>;
L_0x55857ddcff20 .functor NOT 1, L_0x55857ddcf9a0, C4<0>, C4<0>, C4<0>;
L_0x55857ddcfcf0 .functor AND 1, v0x55857ddc7410_0, v0x55857ddc7120_0, C4<1>, C4<1>;
L_0x55857ddd0160 .functor AND 1, v0x55857ddc7410_0, L_0x55857dde1430, C4<1>, C4<1>;
L_0x55857dde1430 .functor NOT 1, v0x55857ddc76c0_0, C4<0>, C4<0>, C4<0>;
v0x55857dd7aae0_0 .net "_000_", 0 0, L_0x55857ddcfc30;  1 drivers
v0x55857dd7b7b0_0 .net "_001_", 0 0, L_0x55857ddcfe10;  1 drivers
v0x55857dd7f340_0 .net "_002_", 0 0, L_0x55857dd78fe0;  1 drivers
v0x55857dd5cfe0_0 .net "_003_", 15 0, L_0x55857ddca880;  1 drivers
v0x55857dd56360_0 .net "_004_", 7 0, L_0x55857ddccc10;  1 drivers
v0x55857dd7f3e0_0 .net "_005_", 3 0, L_0x55857ddce300;  1 drivers
v0x55857ddb43f0_0 .net "_006_", 1 0, L_0x55857ddceea0;  1 drivers
v0x55857ddb44d0_0 .net "_007_", 0 0, L_0x55857ddcfbc0;  1 drivers
v0x55857ddb4590_0 .net "_008_", 0 0, L_0x55857ddcfcf0;  1 drivers
v0x55857ddb4670_0 .net "_009_", 0 0, L_0x55857ddd0160;  1 drivers
v0x55857ddb4750_0 .net "_010_", 0 0, L_0x55857dde1430;  1 drivers
v0x55857ddb4830_0 .net "_011_", 31 0, L_0x55857ddda4b0;  1 drivers
v0x55857ddb4910_0 .net "_012_", 31 0, L_0x55857dde09d0;  1 drivers
v0x55857ddb49f0_0 .net "_013_", 31 0, L_0x55857dde2520;  1 drivers
v0x55857ddb57f0_0 .net "_014_", 0 0, L_0x55857ddcf9a0;  1 drivers
v0x55857ddb5750_0 .net *"_ivl_101", 0 0, L_0x55857ddc9d90;  1 drivers
v0x55857ddb4b50_0 .net *"_ivl_103", 0 0, L_0x55857ddc9e30;  1 drivers
v0x55857ddb4c30_0 .net *"_ivl_104", 0 0, L_0x55857ddc9fb0;  1 drivers
v0x55857ddb4d10_0 .net *"_ivl_109", 0 0, L_0x55857ddca170;  1 drivers
v0x55857ddb4df0_0 .net *"_ivl_111", 0 0, L_0x55857ddca210;  1 drivers
v0x55857ddb4ed0_0 .net *"_ivl_112", 0 0, L_0x55857ddc99d0;  1 drivers
v0x55857ddb4fb0_0 .net *"_ivl_117", 0 0, L_0x55857ddca470;  1 drivers
v0x55857ddb5090_0 .net *"_ivl_119", 0 0, L_0x55857ddca510;  1 drivers
v0x55857ddb5170_0 .net *"_ivl_120", 0 0, L_0x55857ddca6b0;  1 drivers
v0x55857ddb5250_0 .net *"_ivl_126", 0 0, L_0x55857ddcadd0;  1 drivers
v0x55857ddb5330_0 .net *"_ivl_128", 0 0, L_0x55857ddcaf80;  1 drivers
v0x55857ddb5410_0 .net *"_ivl_129", 0 0, L_0x55857ddcb020;  1 drivers
v0x55857ddb5890_0 .net *"_ivl_13", 0 0, L_0x55857ddc7f90;  1 drivers
v0x55857ddb5970_0 .net *"_ivl_134", 0 0, L_0x55857ddcb180;  1 drivers
v0x55857ddb5a50_0 .net *"_ivl_136", 0 0, L_0x55857ddcb390;  1 drivers
v0x55857ddb5b30_0 .net *"_ivl_137", 0 0, L_0x55857ddcb430;  1 drivers
v0x55857ddb5c10_0 .net *"_ivl_142", 0 0, L_0x55857ddcb5e0;  1 drivers
v0x55857ddb5cf0_0 .net *"_ivl_144", 0 0, L_0x55857ddcb270;  1 drivers
v0x55857ddb5dd0_0 .net *"_ivl_145", 0 0, L_0x55857ddcb310;  1 drivers
v0x55857ddb5eb0_0 .net *"_ivl_15", 0 0, L_0x55857ddc8030;  1 drivers
v0x55857ddb5f90_0 .net *"_ivl_150", 0 0, L_0x55857ddcb800;  1 drivers
v0x55857ddb6070_0 .net *"_ivl_152", 0 0, L_0x55857ddcb9e0;  1 drivers
v0x55857ddb6150_0 .net *"_ivl_153", 0 0, L_0x55857ddcba80;  1 drivers
v0x55857ddb6230_0 .net *"_ivl_158", 0 0, L_0x55857ddcb540;  1 drivers
v0x55857ddb6310_0 .net *"_ivl_16", 0 0, L_0x55857dd79cb0;  1 drivers
v0x55857ddb63f0_0 .net *"_ivl_160", 0 0, L_0x55857ddcbd90;  1 drivers
v0x55857ddb64d0_0 .net *"_ivl_161", 0 0, L_0x55857ddcbe30;  1 drivers
v0x55857ddb65b0_0 .net *"_ivl_166", 0 0, L_0x55857ddcbf40;  1 drivers
v0x55857ddb6690_0 .net *"_ivl_168", 0 0, L_0x55857ddcc140;  1 drivers
v0x55857ddb6770_0 .net *"_ivl_169", 0 0, L_0x55857ddcc1e0;  1 drivers
v0x55857ddb6850_0 .net *"_ivl_174", 0 0, L_0x55857ddcc3b0;  1 drivers
v0x55857ddb6930_0 .net *"_ivl_176", 0 0, L_0x55857ddcc5c0;  1 drivers
v0x55857ddb6a10_0 .net *"_ivl_177", 0 0, L_0x55857ddcc660;  1 drivers
v0x55857ddb6af0_0 .net *"_ivl_182", 0 0, L_0x55857ddcc770;  1 drivers
v0x55857ddb6bd0_0 .net *"_ivl_184", 0 0, L_0x55857ddcc990;  1 drivers
v0x55857ddb6cb0_0 .net *"_ivl_185", 0 0, L_0x55857ddcca30;  1 drivers
v0x55857ddb6d90_0 .net *"_ivl_191", 0 0, L_0x55857ddcd0c0;  1 drivers
v0x55857ddb6e70_0 .net *"_ivl_193", 0 0, L_0x55857ddcd160;  1 drivers
v0x55857ddb6f50_0 .net *"_ivl_194", 0 0, L_0x55857ddcd3a0;  1 drivers
v0x55857ddb7030_0 .net *"_ivl_199", 0 0, L_0x55857ddcd500;  1 drivers
v0x55857ddb7110_0 .net *"_ivl_201", 0 0, L_0x55857ddcd5f0;  1 drivers
v0x55857ddb71f0_0 .net *"_ivl_202", 0 0, L_0x55857ddcd840;  1 drivers
v0x55857ddb72d0_0 .net *"_ivl_207", 0 0, L_0x55857ddcda30;  1 drivers
v0x55857ddb73b0_0 .net *"_ivl_209", 0 0, L_0x55857ddcdad0;  1 drivers
v0x55857ddb7490_0 .net *"_ivl_21", 0 0, L_0x55857ddc8180;  1 drivers
v0x55857ddb7570_0 .net *"_ivl_210", 0 0, L_0x55857ddcdd30;  1 drivers
v0x55857ddb7650_0 .net *"_ivl_215", 0 0, L_0x55857ddcddf0;  1 drivers
v0x55857ddb7730_0 .net *"_ivl_217", 0 0, L_0x55857ddcde90;  1 drivers
v0x55857ddb7810_0 .net *"_ivl_218", 0 0, L_0x55857ddce100;  1 drivers
v0x55857ddb78f0_0 .net *"_ivl_224", 0 0, L_0x55857ddce490;  1 drivers
v0x55857ddb7de0_0 .net *"_ivl_226", 0 0, L_0x55857ddce710;  1 drivers
v0x55857ddb7ec0_0 .net *"_ivl_227", 0 0, L_0x55857ddce7b0;  1 drivers
v0x55857ddb7fa0_0 .net *"_ivl_23", 0 0, L_0x55857ddc8220;  1 drivers
v0x55857ddb8080_0 .net *"_ivl_232", 0 0, L_0x55857ddce910;  1 drivers
v0x55857ddb8160_0 .net *"_ivl_234", 0 0, L_0x55857ddcebf0;  1 drivers
v0x55857ddb8240_0 .net *"_ivl_235", 0 0, L_0x55857ddcec90;  1 drivers
v0x55857ddb8320_0 .net *"_ivl_24", 0 0, L_0x55857dd7a980;  1 drivers
v0x55857ddb8400_0 .net *"_ivl_241", 0 0, L_0x55857ddcf190;  1 drivers
v0x55857ddb84e0_0 .net *"_ivl_243", 0 0, L_0x55857ddcf230;  1 drivers
v0x55857ddb85c0_0 .net *"_ivl_244", 0 0, L_0x55857ddcf4e0;  1 drivers
v0x55857ddb86a0_0 .net *"_ivl_247", 0 0, L_0x55857ddcf5f0;  1 drivers
v0x55857ddb8780_0 .net *"_ivl_249", 0 0, L_0x55857ddcf6e0;  1 drivers
v0x55857ddb8860_0 .net *"_ivl_267", 0 0, L_0x55857ddd0310;  1 drivers
L_0x7f4703de7018 .functor BUFT 1, C4<x>, C4<0>, C4<0>, C4<0>;
v0x55857ddb8940_0 .net *"_ivl_268", 0 0, L_0x7f4703de7018;  1 drivers
v0x55857ddb8a20_0 .net *"_ivl_270", 0 0, L_0x55857ddd0400;  1 drivers
v0x55857ddb8b00_0 .net *"_ivl_275", 0 0, L_0x55857ddd06d0;  1 drivers
L_0x7f4703de7060 .functor BUFT 1, C4<x>, C4<0>, C4<0>, C4<0>;
v0x55857ddb8be0_0 .net *"_ivl_276", 0 0, L_0x7f4703de7060;  1 drivers
v0x55857ddb8cc0_0 .net *"_ivl_278", 0 0, L_0x55857ddd0770;  1 drivers
v0x55857ddb8da0_0 .net *"_ivl_283", 0 0, L_0x55857ddd0af0;  1 drivers
L_0x7f4703de70a8 .functor BUFT 1, C4<x>, C4<0>, C4<0>, C4<0>;
v0x55857ddb8e80_0 .net *"_ivl_284", 0 0, L_0x7f4703de70a8;  1 drivers
v0x55857ddb8f60_0 .net *"_ivl_286", 0 0, L_0x55857ddd0b90;  1 drivers
v0x55857ddb9040_0 .net *"_ivl_29", 0 0, L_0x55857ddc83d0;  1 drivers
v0x55857ddb9120_0 .net *"_ivl_291", 0 0, L_0x55857ddd0ed0;  1 drivers
L_0x7f4703de70f0 .functor BUFT 1, C4<x>, C4<0>, C4<0>, C4<0>;
v0x55857ddb9200_0 .net *"_ivl_292", 0 0, L_0x7f4703de70f0;  1 drivers
v0x55857ddb92e0_0 .net *"_ivl_294", 0 0, L_0x55857ddd0f70;  1 drivers
v0x55857ddb93c0_0 .net *"_ivl_299", 0 0, L_0x55857ddd1310;  1 drivers
L_0x7f4703de7138 .functor BUFT 1, C4<x>, C4<0>, C4<0>, C4<0>;
v0x55857ddb94a0_0 .net *"_ivl_300", 0 0, L_0x7f4703de7138;  1 drivers
v0x55857ddb9580_0 .net *"_ivl_302", 0 0, L_0x55857ddd1400;  1 drivers
v0x55857ddb9660_0 .net *"_ivl_307", 0 0, L_0x55857ddd17b0;  1 drivers
L_0x7f4703de7180 .functor BUFT 1, C4<x>, C4<0>, C4<0>, C4<0>;
v0x55857ddb9740_0 .net *"_ivl_308", 0 0, L_0x7f4703de7180;  1 drivers
v0x55857ddb9820_0 .net *"_ivl_31", 0 0, L_0x55857ddc8470;  1 drivers
v0x55857ddb9900_0 .net *"_ivl_310", 0 0, L_0x55857ddd1850;  1 drivers
v0x55857ddb99e0_0 .net *"_ivl_315", 0 0, L_0x55857ddd1c10;  1 drivers
L_0x7f4703de71c8 .functor BUFT 1, C4<x>, C4<0>, C4<0>, C4<0>;
v0x55857ddb9ac0_0 .net *"_ivl_316", 0 0, L_0x7f4703de71c8;  1 drivers
v0x55857ddb9ba0_0 .net *"_ivl_318", 0 0, L_0x55857ddd1cb0;  1 drivers
v0x55857ddb9c80_0 .net *"_ivl_32", 0 0, L_0x55857dd7b650;  1 drivers
v0x55857ddb9d60_0 .net *"_ivl_323", 0 0, L_0x55857ddd2080;  1 drivers
L_0x7f4703de7210 .functor BUFT 1, C4<x>, C4<0>, C4<0>, C4<0>;
v0x55857ddb9e40_0 .net *"_ivl_324", 0 0, L_0x7f4703de7210;  1 drivers
v0x55857ddb9f20_0 .net *"_ivl_326", 0 0, L_0x55857ddd2120;  1 drivers
v0x55857ddba000_0 .net *"_ivl_331", 0 0, L_0x55857ddd2500;  1 drivers
L_0x7f4703de7258 .functor BUFT 1, C4<x>, C4<0>, C4<0>, C4<0>;
v0x55857ddba0e0_0 .net *"_ivl_332", 0 0, L_0x7f4703de7258;  1 drivers
v0x55857ddba1c0_0 .net *"_ivl_334", 0 0, L_0x55857ddd25a0;  1 drivers
v0x55857ddba2a0_0 .net *"_ivl_339", 0 0, L_0x55857ddd2940;  1 drivers
L_0x7f4703de72a0 .functor BUFT 1, C4<x>, C4<0>, C4<0>, C4<0>;
v0x55857ddba380_0 .net *"_ivl_340", 0 0, L_0x7f4703de72a0;  1 drivers
v0x55857ddba460_0 .net *"_ivl_342", 0 0, L_0x55857ddd29e0;  1 drivers
v0x55857ddba540_0 .net *"_ivl_347", 0 0, L_0x55857ddd2de0;  1 drivers
L_0x7f4703de72e8 .functor BUFT 1, C4<x>, C4<0>, C4<0>, C4<0>;
v0x55857ddba620_0 .net *"_ivl_348", 0 0, L_0x7f4703de72e8;  1 drivers
v0x55857ddba700_0 .net *"_ivl_350", 0 0, L_0x55857ddd2e80;  1 drivers
v0x55857ddba7e0_0 .net *"_ivl_355", 0 0, L_0x55857ddd3290;  1 drivers
L_0x7f4703de7330 .functor BUFT 1, C4<x>, C4<0>, C4<0>, C4<0>;
v0x55857ddba8c0_0 .net *"_ivl_356", 0 0, L_0x7f4703de7330;  1 drivers
v0x55857ddba9a0_0 .net *"_ivl_358", 0 0, L_0x55857ddd3330;  1 drivers
v0x55857ddbaa80_0 .net *"_ivl_363", 0 0, L_0x55857ddd3750;  1 drivers
L_0x7f4703de7378 .functor BUFT 1, C4<x>, C4<0>, C4<0>, C4<0>;
v0x55857ddbab60_0 .net *"_ivl_364", 0 0, L_0x7f4703de7378;  1 drivers
v0x55857ddbac40_0 .net *"_ivl_366", 0 0, L_0x55857ddd37f0;  1 drivers
v0x55857ddbad20_0 .net *"_ivl_37", 0 0, L_0x55857ddc8630;  1 drivers
v0x55857ddbae00_0 .net *"_ivl_371", 0 0, L_0x55857ddd3c20;  1 drivers
L_0x7f4703de73c0 .functor BUFT 1, C4<x>, C4<0>, C4<0>, C4<0>;
v0x55857ddbaee0_0 .net *"_ivl_372", 0 0, L_0x7f4703de73c0;  1 drivers
v0x55857ddbafc0_0 .net *"_ivl_374", 0 0, L_0x55857ddd3cc0;  1 drivers
v0x55857ddbb0a0_0 .net *"_ivl_379", 0 0, L_0x55857ddd4100;  1 drivers
L_0x7f4703de7408 .functor BUFT 1, C4<x>, C4<0>, C4<0>, C4<0>;
v0x55857ddbb180_0 .net *"_ivl_380", 0 0, L_0x7f4703de7408;  1 drivers
v0x55857ddbb260_0 .net *"_ivl_382", 0 0, L_0x55857ddd41a0;  1 drivers
v0x55857ddbb340_0 .net *"_ivl_387", 0 0, L_0x55857ddd4620;  1 drivers
L_0x7f4703de7450 .functor BUFT 1, C4<x>, C4<0>, C4<0>, C4<0>;
v0x55857ddbb420_0 .net *"_ivl_388", 0 0, L_0x7f4703de7450;  1 drivers
v0x55857ddbb500_0 .net *"_ivl_39", 0 0, L_0x55857ddc86d0;  1 drivers
v0x55857ddbbdf0_0 .net *"_ivl_390", 0 0, L_0x55857ddd46c0;  1 drivers
v0x55857ddbbed0_0 .net *"_ivl_395", 0 0, L_0x55857ddd4b50;  1 drivers
L_0x7f4703de7498 .functor BUFT 1, C4<x>, C4<0>, C4<0>, C4<0>;
v0x55857ddbbfb0_0 .net *"_ivl_396", 0 0, L_0x7f4703de7498;  1 drivers
v0x55857ddbc090_0 .net *"_ivl_398", 0 0, L_0x55857ddd4bf0;  1 drivers
v0x55857ddbc170_0 .net *"_ivl_40", 0 0, L_0x55857dd7f240;  1 drivers
v0x55857ddbc250_0 .net *"_ivl_403", 0 0, L_0x55857ddd5090;  1 drivers
L_0x7f4703de74e0 .functor BUFT 1, C4<x>, C4<0>, C4<0>, C4<0>;
v0x55857ddbc330_0 .net *"_ivl_404", 0 0, L_0x7f4703de74e0;  1 drivers
v0x55857ddbc410_0 .net *"_ivl_406", 0 0, L_0x55857ddd5130;  1 drivers
v0x55857ddbc4f0_0 .net *"_ivl_411", 0 0, L_0x55857ddd55e0;  1 drivers
L_0x7f4703de7528 .functor BUFT 1, C4<x>, C4<0>, C4<0>, C4<0>;
v0x55857ddbc5d0_0 .net *"_ivl_412", 0 0, L_0x7f4703de7528;  1 drivers
v0x55857ddbc6b0_0 .net *"_ivl_414", 0 0, L_0x55857ddd5680;  1 drivers
v0x55857ddbc790_0 .net *"_ivl_419", 0 0, L_0x55857ddd5b40;  1 drivers
L_0x7f4703de7570 .functor BUFT 1, C4<x>, C4<0>, C4<0>, C4<0>;
v0x55857ddbc870_0 .net *"_ivl_420", 0 0, L_0x7f4703de7570;  1 drivers
v0x55857ddbc950_0 .net *"_ivl_422", 0 0, L_0x55857ddd5be0;  1 drivers
v0x55857ddbca30_0 .net *"_ivl_427", 0 0, L_0x55857ddd60b0;  1 drivers
L_0x7f4703de75b8 .functor BUFT 1, C4<x>, C4<0>, C4<0>, C4<0>;
v0x55857ddbcb10_0 .net *"_ivl_428", 0 0, L_0x7f4703de75b8;  1 drivers
v0x55857ddbcbf0_0 .net *"_ivl_430", 0 0, L_0x55857ddd6150;  1 drivers
v0x55857ddbccd0_0 .net *"_ivl_435", 0 0, L_0x55857ddd6630;  1 drivers
L_0x7f4703de7600 .functor BUFT 1, C4<x>, C4<0>, C4<0>, C4<0>;
v0x55857ddbcdb0_0 .net *"_ivl_436", 0 0, L_0x7f4703de7600;  1 drivers
v0x55857ddbce90_0 .net *"_ivl_438", 0 0, L_0x55857ddd66d0;  1 drivers
v0x55857ddbcf70_0 .net *"_ivl_443", 0 0, L_0x55857ddd6bc0;  1 drivers
L_0x7f4703de7648 .functor BUFT 1, C4<x>, C4<0>, C4<0>, C4<0>;
v0x55857ddbd050_0 .net *"_ivl_444", 0 0, L_0x7f4703de7648;  1 drivers
v0x55857ddbd130_0 .net *"_ivl_446", 0 0, L_0x55857ddd6c60;  1 drivers
v0x55857ddbd210_0 .net *"_ivl_45", 0 0, L_0x55857ddc8890;  1 drivers
v0x55857ddbd2f0_0 .net *"_ivl_451", 0 0, L_0x55857ddd7160;  1 drivers
L_0x7f4703de7690 .functor BUFT 1, C4<x>, C4<0>, C4<0>, C4<0>;
v0x55857ddbd3d0_0 .net *"_ivl_452", 0 0, L_0x7f4703de7690;  1 drivers
v0x55857ddbd4b0_0 .net *"_ivl_454", 0 0, L_0x55857ddd7200;  1 drivers
v0x55857ddbd590_0 .net *"_ivl_459", 0 0, L_0x55857ddd7710;  1 drivers
L_0x7f4703de76d8 .functor BUFT 1, C4<x>, C4<0>, C4<0>, C4<0>;
v0x55857ddbd670_0 .net *"_ivl_460", 0 0, L_0x7f4703de76d8;  1 drivers
v0x55857ddbd750_0 .net *"_ivl_462", 0 0, L_0x55857ddd77b0;  1 drivers
v0x55857ddbd830_0 .net *"_ivl_467", 0 0, L_0x55857ddd7cd0;  1 drivers
L_0x7f4703de7720 .functor BUFT 1, C4<x>, C4<0>, C4<0>, C4<0>;
v0x55857ddbd910_0 .net *"_ivl_468", 0 0, L_0x7f4703de7720;  1 drivers
v0x55857ddbd9f0_0 .net *"_ivl_47", 0 0, L_0x55857ddc8930;  1 drivers
v0x55857ddbdad0_0 .net *"_ivl_470", 0 0, L_0x55857ddd7d70;  1 drivers
v0x55857ddbdbb0_0 .net *"_ivl_475", 0 0, L_0x55857ddd82a0;  1 drivers
L_0x7f4703de7768 .functor BUFT 1, C4<x>, C4<0>, C4<0>, C4<0>;
v0x55857ddbdc90_0 .net *"_ivl_476", 0 0, L_0x7f4703de7768;  1 drivers
v0x55857ddbdd70_0 .net *"_ivl_478", 0 0, L_0x55857ddd8340;  1 drivers
v0x55857ddbde50_0 .net *"_ivl_48", 0 0, L_0x55857dd84b30;  1 drivers
v0x55857ddbdf30_0 .net *"_ivl_483", 0 0, L_0x55857ddd8880;  1 drivers
L_0x7f4703de77b0 .functor BUFT 1, C4<x>, C4<0>, C4<0>, C4<0>;
v0x55857ddbe010_0 .net *"_ivl_484", 0 0, L_0x7f4703de77b0;  1 drivers
v0x55857ddbe0f0_0 .net *"_ivl_486", 0 0, L_0x55857ddd8920;  1 drivers
v0x55857ddbe1d0_0 .net *"_ivl_491", 0 0, L_0x55857ddd8e70;  1 drivers
L_0x7f4703de77f8 .functor BUFT 1, C4<x>, C4<0>, C4<0>, C4<0>;
v0x55857ddbe2b0_0 .net *"_ivl_492", 0 0, L_0x7f4703de77f8;  1 drivers
v0x55857ddbe390_0 .net *"_ivl_494", 0 0, L_0x55857ddd8f10;  1 drivers
v0x55857ddbe470_0 .net *"_ivl_499", 0 0, L_0x55857ddd9880;  1 drivers
v0x55857ddbe550_0 .net *"_ivl_5", 0 0, L_0x55857ddc7d60;  1 drivers
L_0x7f4703de7840 .functor BUFT 1, C4<x>, C4<0>, C4<0>, C4<0>;
v0x55857ddbe630_0 .net *"_ivl_500", 0 0, L_0x7f4703de7840;  1 drivers
v0x55857ddbe710_0 .net *"_ivl_502", 0 0, L_0x55857ddd9920;  1 drivers
v0x55857ddbe7f0_0 .net *"_ivl_507", 0 0, L_0x55857ddd9e90;  1 drivers
L_0x7f4703de7888 .functor BUFT 1, C4<x>, C4<0>, C4<0>, C4<0>;
v0x55857ddbe8d0_0 .net *"_ivl_508", 0 0, L_0x7f4703de7888;  1 drivers
v0x55857ddbe9b0_0 .net *"_ivl_510", 0 0, L_0x55857ddd9f30;  1 drivers
v0x55857ddbea90_0 .net *"_ivl_516", 0 0, L_0x55857dddaf00;  1 drivers
L_0x7f4703de78d0 .functor BUFT 1, C4<x>, C4<0>, C4<0>, C4<0>;
v0x55857ddbeb70_0 .net *"_ivl_517", 0 0, L_0x7f4703de78d0;  1 drivers
v0x55857ddbec50_0 .net *"_ivl_519", 0 0, L_0x55857dddb3c0;  1 drivers
v0x55857ddbed30_0 .net *"_ivl_524", 0 0, L_0x55857dddb550;  1 drivers
v0x55857ddbee10_0 .net *"_ivl_526", 0 0, L_0x55857dddafa0;  1 drivers
v0x55857ddbeef0_0 .net *"_ivl_527", 0 0, L_0x55857dddb090;  1 drivers
v0x55857ddbefd0_0 .net *"_ivl_53", 0 0, L_0x55857ddc8ae0;  1 drivers
v0x55857ddbf0b0_0 .net *"_ivl_532", 0 0, L_0x55857dddb180;  1 drivers
v0x55857ddbf190_0 .net *"_ivl_534", 0 0, L_0x55857dddb220;  1 drivers
v0x55857ddbf270_0 .net *"_ivl_535", 0 0, L_0x55857dddb2c0;  1 drivers
v0x55857ddbf350_0 .net *"_ivl_540", 0 0, L_0x55857dddba90;  1 drivers
v0x55857ddbf430_0 .net *"_ivl_542", 0 0, L_0x55857dddb5f0;  1 drivers
v0x55857ddbf510_0 .net *"_ivl_543", 0 0, L_0x55857dddb690;  1 drivers
v0x55857ddbf5f0_0 .net *"_ivl_548", 0 0, L_0x55857dddb780;  1 drivers
v0x55857ddbf6d0_0 .net *"_ivl_55", 0 0, L_0x55857ddc8b80;  1 drivers
v0x55857ddbf7b0_0 .net *"_ivl_550", 0 0, L_0x55857dddb820;  1 drivers
v0x55857ddbf890_0 .net *"_ivl_551", 0 0, L_0x55857dddb8c0;  1 drivers
v0x55857ddbf970_0 .net *"_ivl_556", 0 0, L_0x55857dddc7c0;  1 drivers
v0x55857ddbfa50_0 .net *"_ivl_558", 0 0, L_0x55857dddc340;  1 drivers
v0x55857ddbfb30_0 .net *"_ivl_559", 0 0, L_0x55857dddc3e0;  1 drivers
v0x55857ddbfc10_0 .net *"_ivl_56", 0 0, L_0x55857ddc89d0;  1 drivers
v0x55857ddbfcf0_0 .net *"_ivl_564", 0 0, L_0x55857dddc630;  1 drivers
v0x55857ddbfdd0_0 .net *"_ivl_566", 0 0, L_0x55857dddc6d0;  1 drivers
v0x55857ddbfeb0_0 .net *"_ivl_567", 0 0, L_0x55857dddcd10;  1 drivers
v0x55857ddbff90_0 .net *"_ivl_572", 0 0, L_0x55857dddce00;  1 drivers
v0x55857ddc0070_0 .net *"_ivl_574", 0 0, L_0x55857dddc860;  1 drivers
v0x55857ddc0150_0 .net *"_ivl_575", 0 0, L_0x55857dddca10;  1 drivers
v0x55857ddc0230_0 .net *"_ivl_580", 0 0, L_0x55857dddcb50;  1 drivers
v0x55857ddc0310_0 .net *"_ivl_582", 0 0, L_0x55857dddcbf0;  1 drivers
v0x55857ddc03f0_0 .net *"_ivl_583", 0 0, L_0x55857dddd380;  1 drivers
v0x55857ddc04d0_0 .net *"_ivl_588", 0 0, L_0x55857dddd470;  1 drivers
v0x55857ddc05b0_0 .net *"_ivl_590", 0 0, L_0x55857dddcea0;  1 drivers
v0x55857ddc0690_0 .net *"_ivl_591", 0 0, L_0x55857dddcf40;  1 drivers
v0x55857ddc0770_0 .net *"_ivl_596", 0 0, L_0x55857dddd080;  1 drivers
v0x55857ddc0850_0 .net *"_ivl_598", 0 0, L_0x55857dddd120;  1 drivers
v0x55857ddc0930_0 .net *"_ivl_599", 0 0, L_0x55857dddd1c0;  1 drivers
v0x55857ddc0a10_0 .net *"_ivl_604", 0 0, L_0x55857dddda20;  1 drivers
v0x55857ddc0af0_0 .net *"_ivl_606", 0 0, L_0x55857dddd510;  1 drivers
v0x55857ddc0bd0_0 .net *"_ivl_607", 0 0, L_0x55857dddd5b0;  1 drivers
v0x55857ddc0cb0_0 .net *"_ivl_61", 0 0, L_0x55857ddc8dc0;  1 drivers
v0x55857ddc0d90_0 .net *"_ivl_612", 0 0, L_0x55857dddd6f0;  1 drivers
v0x55857ddc0e70_0 .net *"_ivl_614", 0 0, L_0x55857dddd790;  1 drivers
v0x55857ddc0f50_0 .net *"_ivl_615", 0 0, L_0x55857dddd830;  1 drivers
v0x55857ddc1030_0 .net *"_ivl_620", 0 0, L_0x55857dddd970;  1 drivers
v0x55857ddc1110_0 .net *"_ivl_622", 0 0, L_0x55857ddde010;  1 drivers
v0x55857ddc11f0_0 .net *"_ivl_623", 0 0, L_0x55857ddde0b0;  1 drivers
v0x55857ddc12d0_0 .net *"_ivl_628", 0 0, L_0x55857ddddb10;  1 drivers
v0x55857ddc13b0_0 .net *"_ivl_63", 0 0, L_0x55857ddc8e60;  1 drivers
v0x55857ddc1490_0 .net *"_ivl_630", 0 0, L_0x55857ddddbb0;  1 drivers
v0x55857ddc1570_0 .net *"_ivl_631", 0 0, L_0x55857ddddc50;  1 drivers
v0x55857ddc1650_0 .net *"_ivl_636", 0 0, L_0x55857ddddd90;  1 drivers
v0x55857ddc1730_0 .net *"_ivl_638", 0 0, L_0x55857dddde30;  1 drivers
v0x55857ddc1810_0 .net *"_ivl_639", 0 0, L_0x55857dddded0;  1 drivers
v0x55857ddc18f0_0 .net *"_ivl_64", 0 0, L_0x55857ddc8f90;  1 drivers
v0x55857ddc19d0_0 .net *"_ivl_644", 0 0, L_0x55857ddde150;  1 drivers
v0x55857ddc1ab0_0 .net *"_ivl_646", 0 0, L_0x55857ddde1f0;  1 drivers
v0x55857ddc1b90_0 .net *"_ivl_647", 0 0, L_0x55857ddde290;  1 drivers
v0x55857ddc1c70_0 .net *"_ivl_652", 0 0, L_0x55857ddde3d0;  1 drivers
v0x55857ddc1d50_0 .net *"_ivl_654", 0 0, L_0x55857ddde470;  1 drivers
v0x55857ddc1e30_0 .net *"_ivl_655", 0 0, L_0x55857ddde510;  1 drivers
v0x55857ddc1f10_0 .net *"_ivl_660", 0 0, L_0x55857dddeea0;  1 drivers
v0x55857ddc1ff0_0 .net *"_ivl_662", 0 0, L_0x55857dddef40;  1 drivers
v0x55857ddc20d0_0 .net *"_ivl_663", 0 0, L_0x55857ddde8e0;  1 drivers
v0x55857ddc21b0_0 .net *"_ivl_668", 0 0, L_0x55857dddea20;  1 drivers
v0x55857ddc2290_0 .net *"_ivl_670", 0 0, L_0x55857dddeac0;  1 drivers
v0x55857ddc2370_0 .net *"_ivl_671", 0 0, L_0x55857dddeb60;  1 drivers
v0x55857ddc2450_0 .net *"_ivl_676", 0 0, L_0x55857dddeca0;  1 drivers
v0x55857ddc2530_0 .net *"_ivl_678", 0 0, L_0x55857ddded40;  1 drivers
v0x55857ddc2610_0 .net *"_ivl_679", 0 0, L_0x55857dddede0;  1 drivers
v0x55857ddc26f0_0 .net *"_ivl_684", 0 0, L_0x55857dddf630;  1 drivers
v0x55857ddc27d0_0 .net *"_ivl_686", 0 0, L_0x55857dddefe0;  1 drivers
v0x55857ddc28b0_0 .net *"_ivl_687", 0 0, L_0x55857dddf080;  1 drivers
v0x55857ddc2990_0 .net *"_ivl_69", 0 0, L_0x55857ddc90d0;  1 drivers
v0x55857ddc2a70_0 .net *"_ivl_692", 0 0, L_0x55857dddf1c0;  1 drivers
v0x55857ddc2b50_0 .net *"_ivl_694", 0 0, L_0x55857dddf260;  1 drivers
v0x55857ddc2c30_0 .net *"_ivl_695", 0 0, L_0x55857dddf300;  1 drivers
v0x55857ddc2d10_0 .net *"_ivl_7", 0 0, L_0x55857ddc7e50;  1 drivers
v0x55857ddbb5e0_0 .net *"_ivl_700", 0 0, L_0x55857dddf440;  1 drivers
v0x55857ddbb6c0_0 .net *"_ivl_702", 0 0, L_0x55857dddf4e0;  1 drivers
v0x55857ddbb7a0_0 .net *"_ivl_703", 0 0, L_0x55857dddfd10;  1 drivers
v0x55857ddbb880_0 .net *"_ivl_708", 0 0, L_0x55857dddf720;  1 drivers
v0x55857ddbb960_0 .net *"_ivl_71", 0 0, L_0x55857ddc9170;  1 drivers
v0x55857ddbba40_0 .net *"_ivl_710", 0 0, L_0x55857dddf7c0;  1 drivers
v0x55857ddbbb20_0 .net *"_ivl_711", 0 0, L_0x55857dddf860;  1 drivers
v0x55857ddbbc00_0 .net *"_ivl_716", 0 0, L_0x55857dddf9a0;  1 drivers
v0x55857ddbbce0_0 .net *"_ivl_718", 0 0, L_0x55857dddfa40;  1 drivers
v0x55857ddc3de0_0 .net *"_ivl_719", 0 0, L_0x55857dddfae0;  1 drivers
v0x55857ddc3ec0_0 .net *"_ivl_72", 0 0, L_0x55857ddc92b0;  1 drivers
v0x55857ddc3fa0_0 .net *"_ivl_724", 0 0, L_0x55857dddfc20;  1 drivers
v0x55857ddc4080_0 .net *"_ivl_726", 0 0, L_0x55857dde0430;  1 drivers
v0x55857ddc4160_0 .net *"_ivl_727", 0 0, L_0x55857dddfdb0;  1 drivers
v0x55857ddc4240_0 .net *"_ivl_732", 0 0, L_0x55857dddfea0;  1 drivers
v0x55857ddc4320_0 .net *"_ivl_734", 0 0, L_0x55857dddff40;  1 drivers
v0x55857ddc4400_0 .net *"_ivl_735", 0 0, L_0x55857dddffe0;  1 drivers
v0x55857ddc44e0_0 .net *"_ivl_740", 0 0, L_0x55857dde0120;  1 drivers
v0x55857ddc45c0_0 .net *"_ivl_742", 0 0, L_0x55857dde01c0;  1 drivers
v0x55857ddc46a0_0 .net *"_ivl_743", 0 0, L_0x55857dde0260;  1 drivers
L_0x7f4703de7918 .functor BUFT 1, C4<0>, C4<0>, C4<0>, C4<0>;
v0x55857ddc4780_0 .net/2u *"_ivl_747", 0 0, L_0x7f4703de7918;  1 drivers
v0x55857ddc4860_0 .net *"_ivl_750", 0 0, L_0x55857dde0da0;  1 drivers
v0x55857ddc4940_0 .net *"_ivl_751", 0 0, L_0x55857dde04d0;  1 drivers
L_0x7f4703de7960 .functor BUFT 1, C4<0>, C4<0>, C4<0>, C4<0>;
v0x55857ddc4a20_0 .net/2u *"_ivl_755", 0 0, L_0x7f4703de7960;  1 drivers
v0x55857ddc4b00_0 .net *"_ivl_758", 0 0, L_0x55857dde0610;  1 drivers
v0x55857ddc4be0_0 .net *"_ivl_759", 0 0, L_0x55857dde06b0;  1 drivers
L_0x7f4703de79a8 .functor BUFT 1, C4<0>, C4<0>, C4<0>, C4<0>;
v0x55857ddc4cc0_0 .net/2u *"_ivl_763", 0 0, L_0x7f4703de79a8;  1 drivers
v0x55857ddc4da0_0 .net *"_ivl_766", 0 0, L_0x55857dde07f0;  1 drivers
v0x55857ddc4e80_0 .net *"_ivl_767", 0 0, L_0x55857dde0890;  1 drivers
v0x55857ddc4f60_0 .net *"_ivl_77", 0 0, L_0x55857ddc9450;  1 drivers
L_0x7f4703de79f0 .functor BUFT 1, C4<0>, C4<0>, C4<0>, C4<0>;
v0x55857ddc5040_0 .net/2u *"_ivl_772", 0 0, L_0x7f4703de79f0;  1 drivers
v0x55857ddc5120_0 .net *"_ivl_775", 0 0, L_0x55857dde0e40;  1 drivers
v0x55857ddc5200_0 .net *"_ivl_776", 0 0, L_0x55857dde0ee0;  1 drivers
L_0x7f4703de7a38 .functor BUFT 1, C4<0>, C4<0>, C4<0>, C4<0>;
v0x55857ddc52e0_0 .net/2u *"_ivl_780", 0 0, L_0x7f4703de7a38;  1 drivers
v0x55857ddc53c0_0 .net *"_ivl_783", 0 0, L_0x55857dde1070;  1 drivers
v0x55857ddc54a0_0 .net *"_ivl_784", 0 0, L_0x55857dde1160;  1 drivers
L_0x7f4703de7a80 .functor BUFT 1, C4<0>, C4<0>, C4<0>, C4<0>;
v0x55857ddc5580_0 .net/2u *"_ivl_788", 0 0, L_0x7f4703de7a80;  1 drivers
v0x55857ddc5660_0 .net *"_ivl_79", 0 0, L_0x55857ddc94f0;  1 drivers
v0x55857ddc5740_0 .net *"_ivl_791", 0 0, L_0x55857dde1250;  1 drivers
v0x55857ddc5820_0 .net *"_ivl_792", 0 0, L_0x55857dde12f0;  1 drivers
v0x55857ddc5900_0 .net *"_ivl_8", 0 0, L_0x55857dd78310;  1 drivers
v0x55857ddc59e0_0 .net *"_ivl_80", 0 0, L_0x55857ddc9640;  1 drivers
v0x55857ddc5ac0_0 .net *"_ivl_85", 0 0, L_0x55857ddc9210;  1 drivers
o0x7f4703e33888 .functor BUFZ 30, C4<zzzzzzzzzzzzzzzzzzzzzzzzzzzzzz>; HiZ drive
; Elide local net with no drivers, v0x55857ddc5ba0_0 name=_ivl_862
v0x55857ddc5c80_0 .net *"_ivl_87", 0 0, L_0x55857ddc9730;  1 drivers
v0x55857ddc5d60_0 .net *"_ivl_88", 0 0, L_0x55857ddc9890;  1 drivers
v0x55857ddc5e40_0 .net *"_ivl_93", 0 0, L_0x55857ddc9a40;  1 drivers
v0x55857ddc5f20_0 .net *"_ivl_95", 0 0, L_0x55857ddc9ae0;  1 drivers
v0x55857ddc6000_0 .net *"_ivl_96", 0 0, L_0x55857ddc9c50;  1 drivers
v0x55857ddc60e0_0 .net "bksp", 0 0, v0x55857ddc7120_0;  1 drivers
v0x55857ddc61c0_0 .net "clk", 0 0, v0x55857ddc71e0_0;  1 drivers
v0x55857ddc62a0_0 .net "clr", 0 0, v0x55857ddc7280_0;  1 drivers
v0x55857ddc6380_0 .net "enable", 0 0, v0x55857ddc7410_0;  1 drivers
v0x55857ddc6460_0 .net "in_char", 3 0, v0x55857ddc75f0_0;  1 drivers
v0x55857ddc6560_0 .net "is_ctrl", 0 0, v0x55857ddc76c0_0;  1 drivers
v0x55857ddc6640_0 .net "is_empty", 0 0, L_0x55857ddcff20;  alias, 1 drivers
v0x55857ddc6720_0 .var "out", 31 0;
v0x55857ddc6820_0 .net "rst", 0 0, v0x55857ddc7b30_0;  1 drivers
E_0x55857dcbf320 .event posedge, v0x55857ddc61c0_0;
L_0x55857ddc7d60 .part v0x55857ddc6720_0, 0, 1;
L_0x55857ddc7e50 .part v0x55857ddc6720_0, 1, 1;
L_0x55857ddc7f90 .part v0x55857ddc6720_0, 2, 1;
L_0x55857ddc8030 .part v0x55857ddc6720_0, 3, 1;
L_0x55857ddc8180 .part v0x55857ddc6720_0, 4, 1;
L_0x55857ddc8220 .part v0x55857ddc6720_0, 5, 1;
L_0x55857ddc83d0 .part v0x55857ddc6720_0, 6, 1;
L_0x55857ddc8470 .part v0x55857ddc6720_0, 7, 1;
L_0x55857ddc8630 .part v0x55857ddc6720_0, 8, 1;
L_0x55857ddc86d0 .part v0x55857ddc6720_0, 9, 1;
L_0x55857ddc8890 .part v0x55857ddc6720_0, 10, 1;
L_0x55857ddc8930 .part v0x55857ddc6720_0, 11, 1;
L_0x55857ddc8ae0 .part v0x55857ddc6720_0, 12, 1;
L_0x55857ddc8b80 .part v0x55857ddc6720_0, 13, 1;
L_0x55857ddc8dc0 .part v0x55857ddc6720_0, 14, 1;
L_0x55857ddc8e60 .part v0x55857ddc6720_0, 15, 1;
L_0x55857ddc90d0 .part v0x55857ddc6720_0, 16, 1;
L_0x55857ddc9170 .part v0x55857ddc6720_0, 17, 1;
L_0x55857ddc9450 .part v0x55857ddc6720_0, 18, 1;
L_0x55857ddc94f0 .part v0x55857ddc6720_0, 19, 1;
L_0x55857ddc9210 .part v0x55857ddc6720_0, 20, 1;
L_0x55857ddc9730 .part v0x55857ddc6720_0, 21, 1;
L_0x55857ddc9a40 .part v0x55857ddc6720_0, 22, 1;
L_0x55857ddc9ae0 .part v0x55857ddc6720_0, 23, 1;
L_0x55857ddc9d90 .part v0x55857ddc6720_0, 24, 1;
L_0x55857ddc9e30 .part v0x55857ddc6720_0, 25, 1;
L_0x55857ddca170 .part v0x55857ddc6720_0, 26, 1;
L_0x55857ddca210 .part v0x55857ddc6720_0, 27, 1;
L_0x55857ddca470 .part v0x55857ddc6720_0, 28, 1;
L_0x55857ddca510 .part v0x55857ddc6720_0, 29, 1;
LS_0x55857ddca880_0_0 .concat8 [ 1 1 1 1], L_0x55857dd78310, L_0x55857dd79cb0, L_0x55857dd7a980, L_0x55857dd7b650;
LS_0x55857ddca880_0_4 .concat8 [ 1 1 1 1], L_0x55857dd7f240, L_0x55857dd84b30, L_0x55857ddc89d0, L_0x55857ddc8f90;
LS_0x55857ddca880_0_8 .concat8 [ 1 1 1 1], L_0x55857ddc92b0, L_0x55857ddc9640, L_0x55857ddc9890, L_0x55857ddc9c50;
LS_0x55857ddca880_0_12 .concat8 [ 1 1 1 1], L_0x55857ddc9fb0, L_0x55857ddc99d0, L_0x55857ddca6b0, L_0x55857ddcb020;
L_0x55857ddca880 .concat8 [ 4 4 4 4], LS_0x55857ddca880_0_0, LS_0x55857ddca880_0_4, LS_0x55857ddca880_0_8, LS_0x55857ddca880_0_12;
L_0x55857ddcadd0 .part v0x55857ddc6720_0, 30, 1;
L_0x55857ddcaf80 .part v0x55857ddc6720_0, 31, 1;
L_0x55857ddcb180 .part L_0x55857ddca880, 0, 1;
L_0x55857ddcb390 .part L_0x55857ddca880, 1, 1;
L_0x55857ddcb5e0 .part L_0x55857ddca880, 2, 1;
L_0x55857ddcb270 .part L_0x55857ddca880, 3, 1;
L_0x55857ddcb800 .part L_0x55857ddca880, 4, 1;
L_0x55857ddcb9e0 .part L_0x55857ddca880, 5, 1;
L_0x55857ddcb540 .part L_0x55857ddca880, 6, 1;
L_0x55857ddcbd90 .part L_0x55857ddca880, 7, 1;
L_0x55857ddcbf40 .part L_0x55857ddca880, 8, 1;
L_0x55857ddcc140 .part L_0x55857ddca880, 9, 1;
L_0x55857ddcc3b0 .part L_0x55857ddca880, 10, 1;
L_0x55857ddcc5c0 .part L_0x55857ddca880, 11, 1;
L_0x55857ddcc770 .part L_0x55857ddca880, 12, 1;
L_0x55857ddcc990 .part L_0x55857ddca880, 13, 1;
LS_0x55857ddccc10_0_0 .concat8 [ 1 1 1 1], L_0x55857ddcb430, L_0x55857ddcb310, L_0x55857ddcba80, L_0x55857ddcbe30;
LS_0x55857ddccc10_0_4 .concat8 [ 1 1 1 1], L_0x55857ddcc1e0, L_0x55857ddcc660, L_0x55857ddcca30, L_0x55857ddcd3a0;
L_0x55857ddccc10 .concat8 [ 4 4 0 0], LS_0x55857ddccc10_0_0, LS_0x55857ddccc10_0_4;
L_0x55857ddcd0c0 .part L_0x55857ddca880, 14, 1;
L_0x55857ddcd160 .part L_0x55857ddca880, 15, 1;
L_0x55857ddcd500 .part L_0x55857ddccc10, 0, 1;
L_0x55857ddcd5f0 .part L_0x55857ddccc10, 1, 1;
L_0x55857ddcda30 .part L_0x55857ddccc10, 2, 1;
L_0x55857ddcdad0 .part L_0x55857ddccc10, 3, 1;
L_0x55857ddcddf0 .part L_0x55857ddccc10, 4, 1;
L_0x55857ddcde90 .part L_0x55857ddccc10, 5, 1;
L_0x55857ddce300 .concat8 [ 1 1 1 1], L_0x55857ddcd840, L_0x55857ddcdd30, L_0x55857ddce100, L_0x55857ddce7b0;
L_0x55857ddce490 .part L_0x55857ddccc10, 6, 1;
L_0x55857ddce710 .part L_0x55857ddccc10, 7, 1;
L_0x55857ddce910 .part L_0x55857ddce300, 0, 1;
L_0x55857ddcebf0 .part L_0x55857ddce300, 1, 1;
L_0x55857ddceea0 .concat8 [ 1 1 0 0], L_0x55857ddcec90, L_0x55857ddcf4e0;
L_0x55857ddcf190 .part L_0x55857ddce300, 2, 1;
L_0x55857ddcf230 .part L_0x55857ddce300, 3, 1;
L_0x55857ddcf5f0 .part L_0x55857ddceea0, 0, 1;
L_0x55857ddcf6e0 .part L_0x55857ddceea0, 1, 1;
L_0x55857ddd0310 .part v0x55857ddc75f0_0, 0, 1;
L_0x55857ddd0400 .functor MUXZ 1, L_0x7f4703de7018, L_0x55857ddd0310, L_0x55857ddd0160, C4<>;
L_0x55857ddd06d0 .part v0x55857ddc75f0_0, 1, 1;
L_0x55857ddd0770 .functor MUXZ 1, L_0x7f4703de7060, L_0x55857ddd06d0, L_0x55857ddd0160, C4<>;
L_0x55857ddd0af0 .part v0x55857ddc75f0_0, 2, 1;
L_0x55857ddd0b90 .functor MUXZ 1, L_0x7f4703de70a8, L_0x55857ddd0af0, L_0x55857ddd0160, C4<>;
L_0x55857ddd0ed0 .part v0x55857ddc75f0_0, 3, 1;
L_0x55857ddd0f70 .functor MUXZ 1, L_0x7f4703de70f0, L_0x55857ddd0ed0, L_0x55857ddd0160, C4<>;
L_0x55857ddd1310 .part v0x55857ddc6720_0, 0, 1;
L_0x55857ddd1400 .functor MUXZ 1, L_0x7f4703de7138, L_0x55857ddd1310, L_0x55857ddd0160, C4<>;
L_0x55857ddd17b0 .part v0x55857ddc6720_0, 1, 1;
L_0x55857ddd1850 .functor MUXZ 1, L_0x7f4703de7180, L_0x55857ddd17b0, L_0x55857ddd0160, C4<>;
L_0x55857ddd1c10 .part v0x55857ddc6720_0, 2, 1;
L_0x55857ddd1cb0 .functor MUXZ 1, L_0x7f4703de71c8, L_0x55857ddd1c10, L_0x55857ddd0160, C4<>;
L_0x55857ddd2080 .part v0x55857ddc6720_0, 3, 1;
L_0x55857ddd2120 .functor MUXZ 1, L_0x7f4703de7210, L_0x55857ddd2080, L_0x55857ddd0160, C4<>;
L_0x55857ddd2500 .part v0x55857ddc6720_0, 4, 1;
L_0x55857ddd25a0 .functor MUXZ 1, L_0x7f4703de7258, L_0x55857ddd2500, L_0x55857ddd0160, C4<>;
L_0x55857ddd2940 .part v0x55857ddc6720_0, 5, 1;
L_0x55857ddd29e0 .functor MUXZ 1, L_0x7f4703de72a0, L_0x55857ddd2940, L_0x55857ddd0160, C4<>;
L_0x55857ddd2de0 .part v0x55857ddc6720_0, 6, 1;
L_0x55857ddd2e80 .functor MUXZ 1, L_0x7f4703de72e8, L_0x55857ddd2de0, L_0x55857ddd0160, C4<>;
L_0x55857ddd3290 .part v0x55857ddc6720_0, 7, 1;
L_0x55857ddd3330 .functor MUXZ 1, L_0x7f4703de7330, L_0x55857ddd3290, L_0x55857ddd0160, C4<>;
L_0x55857ddd3750 .part v0x55857ddc6720_0, 8, 1;
L_0x55857ddd37f0 .functor MUXZ 1, L_0x7f4703de7378, L_0x55857ddd3750, L_0x55857ddd0160, C4<>;
L_0x55857ddd3c20 .part v0x55857ddc6720_0, 9, 1;
L_0x55857ddd3cc0 .functor MUXZ 1, L_0x7f4703de73c0, L_0x55857ddd3c20, L_0x55857ddd0160, C4<>;
L_0x55857ddd4100 .part v0x55857ddc6720_0, 10, 1;
L_0x55857ddd41a0 .functor MUXZ 1, L_0x7f4703de7408, L_0x55857ddd4100, L_0x55857ddd0160, C4<>;
L_0x55857ddd4620 .part v0x55857ddc6720_0, 11, 1;
L_0x55857ddd46c0 .functor MUXZ 1, L_0x7f4703de7450, L_0x55857ddd4620, L_0x55857ddd0160, C4<>;
L_0x55857ddd4b50 .part v0x55857ddc6720_0, 12, 1;
L_0x55857ddd4bf0 .functor MUXZ 1, L_0x7f4703de7498, L_0x55857ddd4b50, L_0x55857ddd0160, C4<>;
L_0x55857ddd5090 .part v0x55857ddc6720_0, 13, 1;
L_0x55857ddd5130 .functor MUXZ 1, L_0x7f4703de74e0, L_0x55857ddd5090, L_0x55857ddd0160, C4<>;
L_0x55857ddd55e0 .part v0x55857ddc6720_0, 14, 1;
L_0x55857ddd5680 .functor MUXZ 1, L_0x7f4703de7528, L_0x55857ddd55e0, L_0x55857ddd0160, C4<>;
L_0x55857ddd5b40 .part v0x55857ddc6720_0, 15, 1;
L_0x55857ddd5be0 .functor MUXZ 1, L_0x7f4703de7570, L_0x55857ddd5b40, L_0x55857ddd0160, C4<>;
L_0x55857ddd60b0 .part v0x55857ddc6720_0, 16, 1;
L_0x55857ddd6150 .functor MUXZ 1, L_0x7f4703de75b8, L_0x55857ddd60b0, L_0x55857ddd0160, C4<>;
L_0x55857ddd6630 .part v0x55857ddc6720_0, 17, 1;
L_0x55857ddd66d0 .functor MUXZ 1, L_0x7f4703de7600, L_0x55857ddd6630, L_0x55857ddd0160, C4<>;
L_0x55857ddd6bc0 .part v0x55857ddc6720_0, 18, 1;
L_0x55857ddd6c60 .functor MUXZ 1, L_0x7f4703de7648, L_0x55857ddd6bc0, L_0x55857ddd0160, C4<>;
L_0x55857ddd7160 .part v0x55857ddc6720_0, 19, 1;
L_0x55857ddd7200 .functor MUXZ 1, L_0x7f4703de7690, L_0x55857ddd7160, L_0x55857ddd0160, C4<>;
L_0x55857ddd7710 .part v0x55857ddc6720_0, 20, 1;
L_0x55857ddd77b0 .functor MUXZ 1, L_0x7f4703de76d8, L_0x55857ddd7710, L_0x55857ddd0160, C4<>;
L_0x55857ddd7cd0 .part v0x55857ddc6720_0, 21, 1;
L_0x55857ddd7d70 .functor MUXZ 1, L_0x7f4703de7720, L_0x55857ddd7cd0, L_0x55857ddd0160, C4<>;
L_0x55857ddd82a0 .part v0x55857ddc6720_0, 22, 1;
L_0x55857ddd8340 .functor MUXZ 1, L_0x7f4703de7768, L_0x55857ddd82a0, L_0x55857ddd0160, C4<>;
L_0x55857ddd8880 .part v0x55857ddc6720_0, 23, 1;
L_0x55857ddd8920 .functor MUXZ 1, L_0x7f4703de77b0, L_0x55857ddd8880, L_0x55857ddd0160, C4<>;
L_0x55857ddd8e70 .part v0x55857ddc6720_0, 24, 1;
L_0x55857ddd8f10 .functor MUXZ 1, L_0x7f4703de77f8, L_0x55857ddd8e70, L_0x55857ddd0160, C4<>;
L_0x55857ddd9880 .part v0x55857ddc6720_0, 25, 1;
L_0x55857ddd9920 .functor MUXZ 1, L_0x7f4703de7840, L_0x55857ddd9880, L_0x55857ddd0160, C4<>;
L_0x55857ddd9e90 .part v0x55857ddc6720_0, 26, 1;
L_0x55857ddd9f30 .functor MUXZ 1, L_0x7f4703de7888, L_0x55857ddd9e90, L_0x55857ddd0160, C4<>;
LS_0x55857ddda4b0_0_0 .concat8 [ 1 1 1 1], L_0x55857ddd0400, L_0x55857ddd0770, L_0x55857ddd0b90, L_0x55857ddd0f70;
LS_0x55857ddda4b0_0_4 .concat8 [ 1 1 1 1], L_0x55857ddd1400, L_0x55857ddd1850, L_0x55857ddd1cb0, L_0x55857ddd2120;
LS_0x55857ddda4b0_0_8 .concat8 [ 1 1 1 1], L_0x55857ddd25a0, L_0x55857ddd29e0, L_0x55857ddd2e80, L_0x55857ddd3330;
LS_0x55857ddda4b0_0_12 .concat8 [ 1 1 1 1], L_0x55857ddd37f0, L_0x55857ddd3cc0, L_0x55857ddd41a0, L_0x55857ddd46c0;
LS_0x55857ddda4b0_0_16 .concat8 [ 1 1 1 1], L_0x55857ddd4bf0, L_0x55857ddd5130, L_0x55857ddd5680, L_0x55857ddd5be0;
LS_0x55857ddda4b0_0_20 .concat8 [ 1 1 1 1], L_0x55857ddd6150, L_0x55857ddd66d0, L_0x55857ddd6c60, L_0x55857ddd7200;
LS_0x55857ddda4b0_0_24 .concat8 [ 1 1 1 1], L_0x55857ddd77b0, L_0x55857ddd7d70, L_0x55857ddd8340, L_0x55857ddd8920;
LS_0x55857ddda4b0_0_28 .concat8 [ 1 1 1 1], L_0x55857ddd8f10, L_0x55857ddd9920, L_0x55857ddd9f30, L_0x55857dddb3c0;
LS_0x55857ddda4b0_1_0 .concat8 [ 4 4 4 4], LS_0x55857ddda4b0_0_0, LS_0x55857ddda4b0_0_4, LS_0x55857ddda4b0_0_8, LS_0x55857ddda4b0_0_12;
LS_0x55857ddda4b0_1_4 .concat8 [ 4 4 4 4], LS_0x55857ddda4b0_0_16, LS_0x55857ddda4b0_0_20, LS_0x55857ddda4b0_0_24, LS_0x55857ddda4b0_0_28;
L_0x55857ddda4b0 .concat8 [ 16 16 0 0], LS_0x55857ddda4b0_1_0, LS_0x55857ddda4b0_1_4;
L_0x55857dddaf00 .part v0x55857ddc6720_0, 27, 1;
L_0x55857dddb3c0 .functor MUXZ 1, L_0x7f4703de78d0, L_0x55857dddaf00, L_0x55857ddd0160, C4<>;
L_0x55857dddb550 .part v0x55857ddc6720_0, 4, 1;
L_0x55857dddafa0 .part L_0x55857ddda4b0, 0, 1;
L_0x55857dddb090 .functor MUXZ 1, L_0x55857dddafa0, L_0x55857dddb550, L_0x55857ddcfcf0, C4<>;
L_0x55857dddb180 .part v0x55857ddc6720_0, 5, 1;
L_0x55857dddb220 .part L_0x55857ddda4b0, 1, 1;
L_0x55857dddb2c0 .functor MUXZ 1, L_0x55857dddb220, L_0x55857dddb180, L_0x55857ddcfcf0, C4<>;
L_0x55857dddba90 .part v0x55857ddc6720_0, 6, 1;
L_0x55857dddb5f0 .part L_0x55857ddda4b0, 2, 1;
L_0x55857dddb690 .functor MUXZ 1, L_0x55857dddb5f0, L_0x55857dddba90, L_0x55857ddcfcf0, C4<>;
L_0x55857dddb780 .part v0x55857ddc6720_0, 7, 1;
L_0x55857dddb820 .part L_0x55857ddda4b0, 3, 1;
L_0x55857dddb8c0 .functor MUXZ 1, L_0x55857dddb820, L_0x55857dddb780, L_0x55857ddcfcf0, C4<>;
L_0x55857dddc7c0 .part v0x55857ddc6720_0, 8, 1;
L_0x55857dddc340 .part L_0x55857ddda4b0, 4, 1;
L_0x55857dddc3e0 .functor MUXZ 1, L_0x55857dddc340, L_0x55857dddc7c0, L_0x55857ddcfcf0, C4<>;
L_0x55857dddc630 .part v0x55857ddc6720_0, 9, 1;
L_0x55857dddc6d0 .part L_0x55857ddda4b0, 5, 1;
L_0x55857dddcd10 .functor MUXZ 1, L_0x55857dddc6d0, L_0x55857dddc630, L_0x55857ddcfcf0, C4<>;
L_0x55857dddce00 .part v0x55857ddc6720_0, 10, 1;
L_0x55857dddc860 .part L_0x55857ddda4b0, 6, 1;
L_0x55857dddca10 .functor MUXZ 1, L_0x55857dddc860, L_0x55857dddce00, L_0x55857ddcfcf0, C4<>;
L_0x55857dddcb50 .part v0x55857ddc6720_0, 11, 1;
L_0x55857dddcbf0 .part L_0x55857ddda4b0, 7, 1;
L_0x55857dddd380 .functor MUXZ 1, L_0x55857dddcbf0, L_0x55857dddcb50, L_0x55857ddcfcf0, C4<>;
L_0x55857dddd470 .part v0x55857ddc6720_0, 12, 1;
L_0x55857dddcea0 .part L_0x55857ddda4b0, 8, 1;
L_0x55857dddcf40 .functor MUXZ 1, L_0x55857dddcea0, L_0x55857dddd470, L_0x55857ddcfcf0, C4<>;
L_0x55857dddd080 .part v0x55857ddc6720_0, 13, 1;
L_0x55857dddd120 .part L_0x55857ddda4b0, 9, 1;
L_0x55857dddd1c0 .functor MUXZ 1, L_0x55857dddd120, L_0x55857dddd080, L_0x55857ddcfcf0, C4<>;
L_0x55857dddda20 .part v0x55857ddc6720_0, 14, 1;
L_0x55857dddd510 .part L_0x55857ddda4b0, 10, 1;
L_0x55857dddd5b0 .functor MUXZ 1, L_0x55857dddd510, L_0x55857dddda20, L_0x55857ddcfcf0, C4<>;
L_0x55857dddd6f0 .part v0x55857ddc6720_0, 15, 1;
L_0x55857dddd790 .part L_0x55857ddda4b0, 11, 1;
L_0x55857dddd830 .functor MUXZ 1, L_0x55857dddd790, L_0x55857dddd6f0, L_0x55857ddcfcf0, C4<>;
L_0x55857dddd970 .part v0x55857ddc6720_0, 16, 1;
L_0x55857ddde010 .part L_0x55857ddda4b0, 12, 1;
L_0x55857ddde0b0 .functor MUXZ 1, L_0x55857ddde010, L_0x55857dddd970, L_0x55857ddcfcf0, C4<>;
L_0x55857ddddb10 .part v0x55857ddc6720_0, 17, 1;
L_0x55857ddddbb0 .part L_0x55857ddda4b0, 13, 1;
L_0x55857ddddc50 .functor MUXZ 1, L_0x55857ddddbb0, L_0x55857ddddb10, L_0x55857ddcfcf0, C4<>;
L_0x55857ddddd90 .part v0x55857ddc6720_0, 18, 1;
L_0x55857dddde30 .part L_0x55857ddda4b0, 14, 1;
L_0x55857dddded0 .functor MUXZ 1, L_0x55857dddde30, L_0x55857ddddd90, L_0x55857ddcfcf0, C4<>;
L_0x55857ddde150 .part v0x55857ddc6720_0, 19, 1;
L_0x55857ddde1f0 .part L_0x55857ddda4b0, 15, 1;
L_0x55857ddde290 .functor MUXZ 1, L_0x55857ddde1f0, L_0x55857ddde150, L_0x55857ddcfcf0, C4<>;
L_0x55857ddde3d0 .part v0x55857ddc6720_0, 20, 1;
L_0x55857ddde470 .part L_0x55857ddda4b0, 16, 1;
L_0x55857ddde510 .functor MUXZ 1, L_0x55857ddde470, L_0x55857ddde3d0, L_0x55857ddcfcf0, C4<>;
L_0x55857dddeea0 .part v0x55857ddc6720_0, 21, 1;
L_0x55857dddef40 .part L_0x55857ddda4b0, 17, 1;
L_0x55857ddde8e0 .functor MUXZ 1, L_0x55857dddef40, L_0x55857dddeea0, L_0x55857ddcfcf0, C4<>;
L_0x55857dddea20 .part v0x55857ddc6720_0, 22, 1;
L_0x55857dddeac0 .part L_0x55857ddda4b0, 18, 1;
L_0x55857dddeb60 .functor MUXZ 1, L_0x55857dddeac0, L_0x55857dddea20, L_0x55857ddcfcf0, C4<>;
L_0x55857dddeca0 .part v0x55857ddc6720_0, 23, 1;
L_0x55857ddded40 .part L_0x55857ddda4b0, 19, 1;
L_0x55857dddede0 .functor MUXZ 1, L_0x55857ddded40, L_0x55857dddeca0, L_0x55857ddcfcf0, C4<>;
L_0x55857dddf630 .part v0x55857ddc6720_0, 24, 1;
L_0x55857dddefe0 .part L_0x55857ddda4b0, 20, 1;
L_0x55857dddf080 .functor MUXZ 1, L_0x55857dddefe0, L_0x55857dddf630, L_0x55857ddcfcf0, C4<>;
L_0x55857dddf1c0 .part v0x55857ddc6720_0, 25, 1;
L_0x55857dddf260 .part L_0x55857ddda4b0, 21, 1;
L_0x55857dddf300 .functor MUXZ 1, L_0x55857dddf260, L_0x55857dddf1c0, L_0x55857ddcfcf0, C4<>;
L_0x55857dddf440 .part v0x55857ddc6720_0, 26, 1;
L_0x55857dddf4e0 .part L_0x55857ddda4b0, 22, 1;
L_0x55857dddfd10 .functor MUXZ 1, L_0x55857dddf4e0, L_0x55857dddf440, L_0x55857ddcfcf0, C4<>;
L_0x55857dddf720 .part v0x55857ddc6720_0, 27, 1;
L_0x55857dddf7c0 .part L_0x55857ddda4b0, 23, 1;
L_0x55857dddf860 .functor MUXZ 1, L_0x55857dddf7c0, L_0x55857dddf720, L_0x55857ddcfcf0, C4<>;
L_0x55857dddf9a0 .part v0x55857ddc6720_0, 28, 1;
L_0x55857dddfa40 .part L_0x55857ddda4b0, 24, 1;
L_0x55857dddfae0 .functor MUXZ 1, L_0x55857dddfa40, L_0x55857dddf9a0, L_0x55857ddcfcf0, C4<>;
L_0x55857dddfc20 .part v0x55857ddc6720_0, 29, 1;
L_0x55857dde0430 .part L_0x55857ddda4b0, 25, 1;
L_0x55857dddfdb0 .functor MUXZ 1, L_0x55857dde0430, L_0x55857dddfc20, L_0x55857ddcfcf0, C4<>;
L_0x55857dddfea0 .part v0x55857ddc6720_0, 30, 1;
L_0x55857dddff40 .part L_0x55857ddda4b0, 26, 1;
L_0x55857dddffe0 .functor MUXZ 1, L_0x55857dddff40, L_0x55857dddfea0, L_0x55857ddcfcf0, C4<>;
L_0x55857dde0120 .part v0x55857ddc6720_0, 31, 1;
L_0x55857dde01c0 .part L_0x55857ddda4b0, 27, 1;
L_0x55857dde0260 .functor MUXZ 1, L_0x55857dde01c0, L_0x55857dde0120, L_0x55857ddcfcf0, C4<>;
L_0x55857dde0da0 .part L_0x55857ddda4b0, 28, 1;
L_0x55857dde04d0 .functor MUXZ 1, L_0x55857dde0da0, L_0x7f4703de7918, L_0x55857ddcfcf0, C4<>;
L_0x55857dde0610 .part L_0x55857ddda4b0, 29, 1;
L_0x55857dde06b0 .functor MUXZ 1, L_0x55857dde0610, L_0x7f4703de7960, L_0x55857ddcfcf0, C4<>;
L_0x55857dde07f0 .part L_0x55857ddda4b0, 30, 1;
L_0x55857dde0890 .functor MUXZ 1, L_0x55857dde07f0, L_0x7f4703de79a8, L_0x55857ddcfcf0, C4<>;
LS_0x55857dde09d0_0_0 .concat8 [ 1 1 1 1], L_0x55857dddb090, L_0x55857dddb2c0, L_0x55857dddb690, L_0x55857dddb8c0;
LS_0x55857dde09d0_0_4 .concat8 [ 1 1 1 1], L_0x55857dddc3e0, L_0x55857dddcd10, L_0x55857dddca10, L_0x55857dddd380;
LS_0x55857dde09d0_0_8 .concat8 [ 1 1 1 1], L_0x55857dddcf40, L_0x55857dddd1c0, L_0x55857dddd5b0, L_0x55857dddd830;
LS_0x55857dde09d0_0_12 .concat8 [ 1 1 1 1], L_0x55857ddde0b0, L_0x55857ddddc50, L_0x55857dddded0, L_0x55857ddde290;
LS_0x55857dde09d0_0_16 .concat8 [ 1 1 1 1], L_0x55857ddde510, L_0x55857ddde8e0, L_0x55857dddeb60, L_0x55857dddede0;
LS_0x55857dde09d0_0_20 .concat8 [ 1 1 1 1], L_0x55857dddf080, L_0x55857dddf300, L_0x55857dddfd10, L_0x55857dddf860;
LS_0x55857dde09d0_0_24 .concat8 [ 1 1 1 1], L_0x55857dddfae0, L_0x55857dddfdb0, L_0x55857dddffe0, L_0x55857dde0260;
LS_0x55857dde09d0_0_28 .concat8 [ 1 1 1 1], L_0x55857dde04d0, L_0x55857dde06b0, L_0x55857dde0890, L_0x55857dde0ee0;
LS_0x55857dde09d0_1_0 .concat8 [ 4 4 4 4], LS_0x55857dde09d0_0_0, LS_0x55857dde09d0_0_4, LS_0x55857dde09d0_0_8, LS_0x55857dde09d0_0_12;
LS_0x55857dde09d0_1_4 .concat8 [ 4 4 4 4], LS_0x55857dde09d0_0_16, LS_0x55857dde09d0_0_20, LS_0x55857dde09d0_0_24, LS_0x55857dde09d0_0_28;
L_0x55857dde09d0 .concat8 [ 16 16 0 0], LS_0x55857dde09d0_1_0, LS_0x55857dde09d0_1_4;
L_0x55857dde0e40 .part L_0x55857ddda4b0, 31, 1;
L_0x55857dde0ee0 .functor MUXZ 1, L_0x55857dde0e40, L_0x7f4703de79f0, L_0x55857ddcfcf0, C4<>;
L_0x55857dde1070 .part L_0x55857dde09d0, 0, 1;
L_0x55857dde1160 .functor MUXZ 1, L_0x55857dde1070, L_0x7f4703de7a38, v0x55857ddc7280_0, C4<>;
L_0x55857dde1250 .part L_0x55857dde09d0, 1, 1;
L_0x55857dde12f0 .functor MUXZ 1, L_0x55857dde1250, L_0x7f4703de7a80, v0x55857ddc7280_0, C4<>;
L_0x55857dde2520 .concat [ 1 1 30 0], L_0x55857dde1160, L_0x55857dde12f0, o0x7f4703e33888;
S_0x55857ddc6a20 .scope function.vec4.s384, "str_to_logic" "str_to_logic" 3 49, 3 49 0, S_0x55857dcfd4c0;
 .timescale -3 -5;
v0x55857ddc6e60_0 .var/str "msg";
; Variable str_to_logic is vec4 return value of scope S_0x55857ddc6a20
TD_tb_charbuf.str_to_logic ;
    %fork t_1, S_0x55857ddc6bb0;
    %jmp t_0;
    .scope S_0x55857ddc6bb0;
t_1 ;
    %pushi/vec4 0, 0, 32;
    %store/vec4 v0x55857ddc6d60_0, 0, 32;
T_1.6 ;
    %load/vec4 v0x55857ddc6d60_0;
    %cmpi/s 48, 0, 32;
    %jmp/0xz T_1.7, 5;
    %load/str v0x55857ddc6e60_0;
    %pushi/vec4 47, 0, 32;
    %load/vec4 v0x55857ddc6d60_0;
    %sub;
    %ix/vec4/s 4;
    %substr/vec4 4, 8;
    %pop/str 1;
    %load/vec4 v0x55857ddc6d60_0;
    %muli 8, 0, 32;
    %ix/vec4/s 4;
    %ret/vec4 0, 4, 8; Assign to str_to_logic (store_vec4_to_lval)
    ; show_stmt_assign_vector: Get l-value for compressed += operand
    %load/vec4 v0x55857ddc6d60_0;
    %pushi/vec4 1, 0, 32;
    %add;
    %store/vec4 v0x55857ddc6d60_0, 0, 32;
    %jmp T_1.6;
T_1.7 ;
    %end;
    .scope S_0x55857ddc6a20;
t_0 %join;
    %retload/vec4 0; Load str_to_logic (draw_signal_vec4)
    %ret/vec4 0, 0, 384;  Assign to str_to_logic (store_vec4_to_lval)
    %disable/flow S_0x55857ddc6a20;
    %end;
S_0x55857ddc6bb0 .scope begin, "$ivl_for_loop0" "$ivl_for_loop0" 3 50, 3 50 0, S_0x55857ddc6a20;
 .timescale -3 -5;
v0x55857ddc6d60_0 .var/i "i", 31 0;
    .scope S_0x55857dda4090;
T_2 ;
    %wait E_0x55857dcbf320;
    %load/vec4 v0x55857ddc6820_0;
    %flag_set/vec4 8;
    %jmp/0xz  T_2.0, 8;
    %pushi/vec4 1, 0, 1;
    %ix/load 4, 0, 0;
    %ix/load 5, 0, 0;
    %flag_set/imm 4, 0;
    %assign/vec4/off/d v0x55857ddc6720_0, 4, 5;
    %jmp T_2.1;
T_2.0 ;
    %load/vec4 v0x55857dd7aae0_0;
    %flag_set/vec4 8;
    %jmp/0xz  T_2.2, 8;
    %load/vec4 v0x55857ddb49f0_0;
    %parti/s 1, 0, 2;
    %ix/load 4, 0, 0;
    %ix/load 5, 0, 0;
    %flag_set/imm 4, 0;
    %assign/vec4/off/d v0x55857ddc6720_0, 4, 5;
T_2.2 ;
T_2.1 ;
    %jmp T_2;
    .thread T_2;
    .scope S_0x55857dda4090;
T_3 ;
    %wait E_0x55857dcbf320;
    %load/vec4 v0x55857ddc6820_0;
    %flag_set/vec4 8;
    %jmp/0xz  T_3.0, 8;
    %pushi/vec4 1, 0, 1;
    %ix/load 4, 1, 0;
    %ix/load 5, 0, 0;
    %flag_set/imm 4, 0;
    %assign/vec4/off/d v0x55857ddc6720_0, 4, 5;
    %jmp T_3.1;
T_3.0 ;
    %load/vec4 v0x55857dd7aae0_0;
    %flag_set/vec4 8;
    %jmp/0xz  T_3.2, 8;
    %load/vec4 v0x55857ddb49f0_0;
    %parti/s 1, 1, 2;
    %ix/load 4, 1, 0;
    %ix/load 5, 0, 0;
    %flag_set/imm 4, 0;
    %assign/vec4/off/d v0x55857ddc6720_0, 4, 5;
T_3.2 ;
T_3.1 ;
    %jmp T_3;
    .thread T_3;
    .scope S_0x55857dda4090;
T_4 ;
    %wait E_0x55857dcbf320;
    %load/vec4 v0x55857dd7f340_0;
    %flag_set/vec4 8;
    %jmp/0xz  T_4.0, 8;
    %pushi/vec4 0, 0, 1;
    %ix/load 4, 2, 0;
    %ix/load 5, 0, 0;
    %flag_set/imm 4, 0;
    %assign/vec4/off/d v0x55857ddc6720_0, 4, 5;
    %jmp T_4.1;
T_4.0 ;
    %load/vec4 v0x55857dd7b7b0_0;
    %flag_set/vec4 8;
    %jmp/0xz  T_4.2, 8;
    %load/vec4 v0x55857ddb4910_0;
    %parti/s 1, 2, 3;
    %ix/load 4, 2, 0;
    %ix/load 5, 0, 0;
    %flag_set/imm 4, 0;
    %assign/vec4/off/d v0x55857ddc6720_0, 4, 5;
T_4.2 ;
T_4.1 ;
    %jmp T_4;
    .thread T_4;
    .scope S_0x55857dda4090;
T_5 ;
    %wait E_0x55857dcbf320;
    %load/vec4 v0x55857dd7f340_0;
    %flag_set/vec4 8;
    %jmp/0xz  T_5.0, 8;
    %pushi/vec4 0, 0, 1;
    %ix/load 4, 3, 0;
    %ix/load 5, 0, 0;
    %flag_set/imm 4, 0;
    %assign/vec4/off/d v0x55857ddc6720_0, 4, 5;
    %jmp T_5.1;
T_5.0 ;
    %load/vec4 v0x55857dd7b7b0_0;
    %flag_set/vec4 8;
    %jmp/0xz  T_5.2, 8;
    %load/vec4 v0x55857ddb4910_0;
    %parti/s 1, 3, 3;
    %ix/load 4, 3, 0;
    %ix/load 5, 0, 0;
    %flag_set/imm 4, 0;
    %assign/vec4/off/d v0x55857ddc6720_0, 4, 5;
T_5.2 ;
T_5.1 ;
    %jmp T_5;
    .thread T_5;
    .scope S_0x55857dda4090;
T_6 ;
    %wait E_0x55857dcbf320;
    %load/vec4 v0x55857dd7f340_0;
    %flag_set/vec4 8;
    %jmp/0xz  T_6.0, 8;
    %pushi/vec4 0, 0, 1;
    %ix/load 4, 4, 0;
    %ix/load 5, 0, 0;
    %flag_set/imm 4, 0;
    %assign/vec4/off/d v0x55857ddc6720_0, 4, 5;
    %jmp T_6.1;
T_6.0 ;
    %load/vec4 v0x55857dd7b7b0_0;
    %flag_set/vec4 8;
    %jmp/0xz  T_6.2, 8;
    %load/vec4 v0x55857ddb4910_0;
    %parti/s 1, 4, 4;
    %ix/load 4, 4, 0;
    %ix/load 5, 0, 0;
    %flag_set/imm 4, 0;
    %assign/vec4/off/d v0x55857ddc6720_0, 4, 5;
T_6.2 ;
T_6.1 ;
    %jmp T_6;
    .thread T_6;
    .scope S_0x55857dda4090;
T_7 ;
    %wait E_0x55857dcbf320;
    %load/vec4 v0x55857dd7f340_0;
    %flag_set/vec4 8;
    %jmp/0xz  T_7.0, 8;
    %pushi/vec4 0, 0, 1;
    %ix/load 4, 5, 0;
    %ix/load 5, 0, 0;
    %flag_set/imm 4, 0;
    %assign/vec4/off/d v0x55857ddc6720_0, 4, 5;
    %jmp T_7.1;
T_7.0 ;
    %load/vec4 v0x55857dd7b7b0_0;
    %flag_set/vec4 8;
    %jmp/0xz  T_7.2, 8;
    %load/vec4 v0x55857ddb4910_0;
    %parti/s 1, 5, 4;
    %ix/load 4, 5, 0;
    %ix/load 5, 0, 0;
    %flag_set/imm 4, 0;
    %assign/vec4/off/d v0x55857ddc6720_0, 4, 5;
T_7.2 ;
T_7.1 ;
    %jmp T_7;
    .thread T_7;
    .scope S_0x55857dda4090;
T_8 ;
    %wait E_0x55857dcbf320;
    %load/vec4 v0x55857dd7f340_0;
    %flag_set/vec4 8;
    %jmp/0xz  T_8.0, 8;
    %pushi/vec4 0, 0, 1;
    %ix/load 4, 6, 0;
    %ix/load 5, 0, 0;
    %flag_set/imm 4, 0;
    %assign/vec4/off/d v0x55857ddc6720_0, 4, 5;
    %jmp T_8.1;
T_8.0 ;
    %load/vec4 v0x55857dd7b7b0_0;
    %flag_set/vec4 8;
    %jmp/0xz  T_8.2, 8;
    %load/vec4 v0x55857ddb4910_0;
    %parti/s 1, 6, 4;
    %ix/load 4, 6, 0;
    %ix/load 5, 0, 0;
    %flag_set/imm 4, 0;
    %assign/vec4/off/d v0x55857ddc6720_0, 4, 5;
T_8.2 ;
T_8.1 ;
    %jmp T_8;
    .thread T_8;
    .scope S_0x55857dda4090;
T_9 ;
    %wait E_0x55857dcbf320;
    %load/vec4 v0x55857dd7f340_0;
    %flag_set/vec4 8;
    %jmp/0xz  T_9.0, 8;
    %pushi/vec4 0, 0, 1;
    %ix/load 4, 7, 0;
    %ix/load 5, 0, 0;
    %flag_set/imm 4, 0;
    %assign/vec4/off/d v0x55857ddc6720_0, 4, 5;
    %jmp T_9.1;
T_9.0 ;
    %load/vec4 v0x55857dd7b7b0_0;
    %flag_set/vec4 8;
    %jmp/0xz  T_9.2, 8;
    %load/vec4 v0x55857ddb4910_0;
    %parti/s 1, 7, 4;
    %ix/load 4, 7, 0;
    %ix/load 5, 0, 0;
    %flag_set/imm 4, 0;
    %assign/vec4/off/d v0x55857ddc6720_0, 4, 5;
T_9.2 ;
T_9.1 ;
    %jmp T_9;
    .thread T_9;
    .scope S_0x55857dda4090;
T_10 ;
    %wait E_0x55857dcbf320;
    %load/vec4 v0x55857dd7f340_0;
    %flag_set/vec4 8;
    %jmp/0xz  T_10.0, 8;
    %pushi/vec4 0, 0, 1;
    %ix/load 4, 8, 0;
    %ix/load 5, 0, 0;
    %flag_set/imm 4, 0;
    %assign/vec4/off/d v0x55857ddc6720_0, 4, 5;
    %jmp T_10.1;
T_10.0 ;
    %load/vec4 v0x55857dd7b7b0_0;
    %flag_set/vec4 8;
    %jmp/0xz  T_10.2, 8;
    %load/vec4 v0x55857ddb4910_0;
    %parti/s 1, 8, 5;
    %ix/load 4, 8, 0;
    %ix/load 5, 0, 0;
    %flag_set/imm 4, 0;
    %assign/vec4/off/d v0x55857ddc6720_0, 4, 5;
T_10.2 ;
T_10.1 ;
    %jmp T_10;
    .thread T_10;
    .scope S_0x55857dda4090;
T_11 ;
    %wait E_0x55857dcbf320;
    %load/vec4 v0x55857dd7f340_0;
    %flag_set/vec4 8;
    %jmp/0xz  T_11.0, 8;
    %pushi/vec4 0, 0, 1;
    %ix/load 4, 9, 0;
    %ix/load 5, 0, 0;
    %flag_set/imm 4, 0;
    %assign/vec4/off/d v0x55857ddc6720_0, 4, 5;
    %jmp T_11.1;
T_11.0 ;
    %load/vec4 v0x55857dd7b7b0_0;
    %flag_set/vec4 8;
    %jmp/0xz  T_11.2, 8;
    %load/vec4 v0x55857ddb4910_0;
    %parti/s 1, 9, 5;
    %ix/load 4, 9, 0;
    %ix/load 5, 0, 0;
    %flag_set/imm 4, 0;
    %assign/vec4/off/d v0x55857ddc6720_0, 4, 5;
T_11.2 ;
T_11.1 ;
    %jmp T_11;
    .thread T_11;
    .scope S_0x55857dda4090;
T_12 ;
    %wait E_0x55857dcbf320;
    %load/vec4 v0x55857dd7f340_0;
    %flag_set/vec4 8;
    %jmp/0xz  T_12.0, 8;
    %pushi/vec4 0, 0, 1;
    %ix/load 4, 10, 0;
    %ix/load 5, 0, 0;
    %flag_set/imm 4, 0;
    %assign/vec4/off/d v0x55857ddc6720_0, 4, 5;
    %jmp T_12.1;
T_12.0 ;
    %load/vec4 v0x55857dd7b7b0_0;
    %flag_set/vec4 8;
    %jmp/0xz  T_12.2, 8;
    %load/vec4 v0x55857ddb4910_0;
    %parti/s 1, 10, 5;
    %ix/load 4, 10, 0;
    %ix/load 5, 0, 0;
    %flag_set/imm 4, 0;
    %assign/vec4/off/d v0x55857ddc6720_0, 4, 5;
T_12.2 ;
T_12.1 ;
    %jmp T_12;
    .thread T_12;
    .scope S_0x55857dda4090;
T_13 ;
    %wait E_0x55857dcbf320;
    %load/vec4 v0x55857dd7f340_0;
    %flag_set/vec4 8;
    %jmp/0xz  T_13.0, 8;
    %pushi/vec4 0, 0, 1;
    %ix/load 4, 11, 0;
    %ix/load 5, 0, 0;
    %flag_set/imm 4, 0;
    %assign/vec4/off/d v0x55857ddc6720_0, 4, 5;
    %jmp T_13.1;
T_13.0 ;
    %load/vec4 v0x55857dd7b7b0_0;
    %flag_set/vec4 8;
    %jmp/0xz  T_13.2, 8;
    %load/vec4 v0x55857ddb4910_0;
    %parti/s 1, 11, 5;
    %ix/load 4, 11, 0;
    %ix/load 5, 0, 0;
    %flag_set/imm 4, 0;
    %assign/vec4/off/d v0x55857ddc6720_0, 4, 5;
T_13.2 ;
T_13.1 ;
    %jmp T_13;
    .thread T_13;
    .scope S_0x55857dda4090;
T_14 ;
    %wait E_0x55857dcbf320;
    %load/vec4 v0x55857dd7f340_0;
    %flag_set/vec4 8;
    %jmp/0xz  T_14.0, 8;
    %pushi/vec4 0, 0, 1;
    %ix/load 4, 12, 0;
    %ix/load 5, 0, 0;
    %flag_set/imm 4, 0;
    %assign/vec4/off/d v0x55857ddc6720_0, 4, 5;
    %jmp T_14.1;
T_14.0 ;
    %load/vec4 v0x55857dd7b7b0_0;
    %flag_set/vec4 8;
    %jmp/0xz  T_14.2, 8;
    %load/vec4 v0x55857ddb4910_0;
    %parti/s 1, 12, 5;
    %ix/load 4, 12, 0;
    %ix/load 5, 0, 0;
    %flag_set/imm 4, 0;
    %assign/vec4/off/d v0x55857ddc6720_0, 4, 5;
T_14.2 ;
T_14.1 ;
    %jmp T_14;
    .thread T_14;
    .scope S_0x55857dda4090;
T_15 ;
    %wait E_0x55857dcbf320;
    %load/vec4 v0x55857dd7f340_0;
    %flag_set/vec4 8;
    %jmp/0xz  T_15.0, 8;
    %pushi/vec4 0, 0, 1;
    %ix/load 4, 13, 0;
    %ix/load 5, 0, 0;
    %flag_set/imm 4, 0;
    %assign/vec4/off/d v0x55857ddc6720_0, 4, 5;
    %jmp T_15.1;
T_15.0 ;
    %load/vec4 v0x55857dd7b7b0_0;
    %flag_set/vec4 8;
    %jmp/0xz  T_15.2, 8;
    %load/vec4 v0x55857ddb4910_0;
    %parti/s 1, 13, 5;
    %ix/load 4, 13, 0;
    %ix/load 5, 0, 0;
    %flag_set/imm 4, 0;
    %assign/vec4/off/d v0x55857ddc6720_0, 4, 5;
T_15.2 ;
T_15.1 ;
    %jmp T_15;
    .thread T_15;
    .scope S_0x55857dda4090;
T_16 ;
    %wait E_0x55857dcbf320;
    %load/vec4 v0x55857dd7f340_0;
    %flag_set/vec4 8;
    %jmp/0xz  T_16.0, 8;
    %pushi/vec4 0, 0, 1;
    %ix/load 4, 14, 0;
    %ix/load 5, 0, 0;
    %flag_set/imm 4, 0;
    %assign/vec4/off/d v0x55857ddc6720_0, 4, 5;
    %jmp T_16.1;
T_16.0 ;
    %load/vec4 v0x55857dd7b7b0_0;
    %flag_set/vec4 8;
    %jmp/0xz  T_16.2, 8;
    %load/vec4 v0x55857ddb4910_0;
    %parti/s 1, 14, 5;
    %ix/load 4, 14, 0;
    %ix/load 5, 0, 0;
    %flag_set/imm 4, 0;
    %assign/vec4/off/d v0x55857ddc6720_0, 4, 5;
T_16.2 ;
T_16.1 ;
    %jmp T_16;
    .thread T_16;
    .scope S_0x55857dda4090;
T_17 ;
    %wait E_0x55857dcbf320;
    %load/vec4 v0x55857dd7f340_0;
    %flag_set/vec4 8;
    %jmp/0xz  T_17.0, 8;
    %pushi/vec4 0, 0, 1;
    %ix/load 4, 15, 0;
    %ix/load 5, 0, 0;
    %flag_set/imm 4, 0;
    %assign/vec4/off/d v0x55857ddc6720_0, 4, 5;
    %jmp T_17.1;
T_17.0 ;
    %load/vec4 v0x55857dd7b7b0_0;
    %flag_set/vec4 8;
    %jmp/0xz  T_17.2, 8;
    %load/vec4 v0x55857ddb4910_0;
    %parti/s 1, 15, 5;
    %ix/load 4, 15, 0;
    %ix/load 5, 0, 0;
    %flag_set/imm 4, 0;
    %assign/vec4/off/d v0x55857ddc6720_0, 4, 5;
T_17.2 ;
T_17.1 ;
    %jmp T_17;
    .thread T_17;
    .scope S_0x55857dda4090;
T_18 ;
    %wait E_0x55857dcbf320;
    %load/vec4 v0x55857dd7f340_0;
    %flag_set/vec4 8;
    %jmp/0xz  T_18.0, 8;
    %pushi/vec4 0, 0, 1;
    %ix/load 4, 16, 0;
    %ix/load 5, 0, 0;
    %flag_set/imm 4, 0;
    %assign/vec4/off/d v0x55857ddc6720_0, 4, 5;
    %jmp T_18.1;
T_18.0 ;
    %load/vec4 v0x55857dd7b7b0_0;
    %flag_set/vec4 8;
    %jmp/0xz  T_18.2, 8;
    %load/vec4 v0x55857ddb4910_0;
    %parti/s 1, 16, 6;
    %ix/load 4, 16, 0;
    %ix/load 5, 0, 0;
    %flag_set/imm 4, 0;
    %assign/vec4/off/d v0x55857ddc6720_0, 4, 5;
T_18.2 ;
T_18.1 ;
    %jmp T_18;
    .thread T_18;
    .scope S_0x55857dda4090;
T_19 ;
    %wait E_0x55857dcbf320;
    %load/vec4 v0x55857dd7f340_0;
    %flag_set/vec4 8;
    %jmp/0xz  T_19.0, 8;
    %pushi/vec4 0, 0, 1;
    %ix/load 4, 17, 0;
    %ix/load 5, 0, 0;
    %flag_set/imm 4, 0;
    %assign/vec4/off/d v0x55857ddc6720_0, 4, 5;
    %jmp T_19.1;
T_19.0 ;
    %load/vec4 v0x55857dd7b7b0_0;
    %flag_set/vec4 8;
    %jmp/0xz  T_19.2, 8;
    %load/vec4 v0x55857ddb4910_0;
    %parti/s 1, 17, 6;
    %ix/load 4, 17, 0;
    %ix/load 5, 0, 0;
    %flag_set/imm 4, 0;
    %assign/vec4/off/d v0x55857ddc6720_0, 4, 5;
T_19.2 ;
T_19.1 ;
    %jmp T_19;
    .thread T_19;
    .scope S_0x55857dda4090;
T_20 ;
    %wait E_0x55857dcbf320;
    %load/vec4 v0x55857dd7f340_0;
    %flag_set/vec4 8;
    %jmp/0xz  T_20.0, 8;
    %pushi/vec4 0, 0, 1;
    %ix/load 4, 18, 0;
    %ix/load 5, 0, 0;
    %flag_set/imm 4, 0;
    %assign/vec4/off/d v0x55857ddc6720_0, 4, 5;
    %jmp T_20.1;
T_20.0 ;
    %load/vec4 v0x55857dd7b7b0_0;
    %flag_set/vec4 8;
    %jmp/0xz  T_20.2, 8;
    %load/vec4 v0x55857ddb4910_0;
    %parti/s 1, 18, 6;
    %ix/load 4, 18, 0;
    %ix/load 5, 0, 0;
    %flag_set/imm 4, 0;
    %assign/vec4/off/d v0x55857ddc6720_0, 4, 5;
T_20.2 ;
T_20.1 ;
    %jmp T_20;
    .thread T_20;
    .scope S_0x55857dda4090;
T_21 ;
    %wait E_0x55857dcbf320;
    %load/vec4 v0x55857dd7f340_0;
    %flag_set/vec4 8;
    %jmp/0xz  T_21.0, 8;
    %pushi/vec4 0, 0, 1;
    %ix/load 4, 19, 0;
    %ix/load 5, 0, 0;
    %flag_set/imm 4, 0;
    %assign/vec4/off/d v0x55857ddc6720_0, 4, 5;
    %jmp T_21.1;
T_21.0 ;
    %load/vec4 v0x55857dd7b7b0_0;
    %flag_set/vec4 8;
    %jmp/0xz  T_21.2, 8;
    %load/vec4 v0x55857ddb4910_0;
    %parti/s 1, 19, 6;
    %ix/load 4, 19, 0;
    %ix/load 5, 0, 0;
    %flag_set/imm 4, 0;
    %assign/vec4/off/d v0x55857ddc6720_0, 4, 5;
T_21.2 ;
T_21.1 ;
    %jmp T_21;
    .thread T_21;
    .scope S_0x55857dda4090;
T_22 ;
    %wait E_0x55857dcbf320;
    %load/vec4 v0x55857dd7f340_0;
    %flag_set/vec4 8;
    %jmp/0xz  T_22.0, 8;
    %pushi/vec4 0, 0, 1;
    %ix/load 4, 20, 0;
    %ix/load 5, 0, 0;
    %flag_set/imm 4, 0;
    %assign/vec4/off/d v0x55857ddc6720_0, 4, 5;
    %jmp T_22.1;
T_22.0 ;
    %load/vec4 v0x55857dd7b7b0_0;
    %flag_set/vec4 8;
    %jmp/0xz  T_22.2, 8;
    %load/vec4 v0x55857ddb4910_0;
    %parti/s 1, 20, 6;
    %ix/load 4, 20, 0;
    %ix/load 5, 0, 0;
    %flag_set/imm 4, 0;
    %assign/vec4/off/d v0x55857ddc6720_0, 4, 5;
T_22.2 ;
T_22.1 ;
    %jmp T_22;
    .thread T_22;
    .scope S_0x55857dda4090;
T_23 ;
    %wait E_0x55857dcbf320;
    %load/vec4 v0x55857dd7f340_0;
    %flag_set/vec4 8;
    %jmp/0xz  T_23.0, 8;
    %pushi/vec4 0, 0, 1;
    %ix/load 4, 21, 0;
    %ix/load 5, 0, 0;
    %flag_set/imm 4, 0;
    %assign/vec4/off/d v0x55857ddc6720_0, 4, 5;
    %jmp T_23.1;
T_23.0 ;
    %load/vec4 v0x55857dd7b7b0_0;
    %flag_set/vec4 8;
    %jmp/0xz  T_23.2, 8;
    %load/vec4 v0x55857ddb4910_0;
    %parti/s 1, 21, 6;
    %ix/load 4, 21, 0;
    %ix/load 5, 0, 0;
    %flag_set/imm 4, 0;
    %assign/vec4/off/d v0x55857ddc6720_0, 4, 5;
T_23.2 ;
T_23.1 ;
    %jmp T_23;
    .thread T_23;
    .scope S_0x55857dda4090;
T_24 ;
    %wait E_0x55857dcbf320;
    %load/vec4 v0x55857dd7f340_0;
    %flag_set/vec4 8;
    %jmp/0xz  T_24.0, 8;
    %pushi/vec4 0, 0, 1;
    %ix/load 4, 22, 0;
    %ix/load 5, 0, 0;
    %flag_set/imm 4, 0;
    %assign/vec4/off/d v0x55857ddc6720_0, 4, 5;
    %jmp T_24.1;
T_24.0 ;
    %load/vec4 v0x55857dd7b7b0_0;
    %flag_set/vec4 8;
    %jmp/0xz  T_24.2, 8;
    %load/vec4 v0x55857ddb4910_0;
    %parti/s 1, 22, 6;
    %ix/load 4, 22, 0;
    %ix/load 5, 0, 0;
    %flag_set/imm 4, 0;
    %assign/vec4/off/d v0x55857ddc6720_0, 4, 5;
T_24.2 ;
T_24.1 ;
    %jmp T_24;
    .thread T_24;
    .scope S_0x55857dda4090;
T_25 ;
    %wait E_0x55857dcbf320;
    %load/vec4 v0x55857dd7f340_0;
    %flag_set/vec4 8;
    %jmp/0xz  T_25.0, 8;
    %pushi/vec4 0, 0, 1;
    %ix/load 4, 23, 0;
    %ix/load 5, 0, 0;
    %flag_set/imm 4, 0;
    %assign/vec4/off/d v0x55857ddc6720_0, 4, 5;
    %jmp T_25.1;
T_25.0 ;
    %load/vec4 v0x55857dd7b7b0_0;
    %flag_set/vec4 8;
    %jmp/0xz  T_25.2, 8;
    %load/vec4 v0x55857ddb4910_0;
    %parti/s 1, 23, 6;
    %ix/load 4, 23, 0;
    %ix/load 5, 0, 0;
    %flag_set/imm 4, 0;
    %assign/vec4/off/d v0x55857ddc6720_0, 4, 5;
T_25.2 ;
T_25.1 ;
    %jmp T_25;
    .thread T_25;
    .scope S_0x55857dda4090;
T_26 ;
    %wait E_0x55857dcbf320;
    %load/vec4 v0x55857dd7f340_0;
    %flag_set/vec4 8;
    %jmp/0xz  T_26.0, 8;
    %pushi/vec4 0, 0, 1;
    %ix/load 4, 24, 0;
    %ix/load 5, 0, 0;
    %flag_set/imm 4, 0;
    %assign/vec4/off/d v0x55857ddc6720_0, 4, 5;
    %jmp T_26.1;
T_26.0 ;
    %load/vec4 v0x55857dd7b7b0_0;
    %flag_set/vec4 8;
    %jmp/0xz  T_26.2, 8;
    %load/vec4 v0x55857ddb4910_0;
    %parti/s 1, 24, 6;
    %ix/load 4, 24, 0;
    %ix/load 5, 0, 0;
    %flag_set/imm 4, 0;
    %assign/vec4/off/d v0x55857ddc6720_0, 4, 5;
T_26.2 ;
T_26.1 ;
    %jmp T_26;
    .thread T_26;
    .scope S_0x55857dda4090;
T_27 ;
    %wait E_0x55857dcbf320;
    %load/vec4 v0x55857dd7f340_0;
    %flag_set/vec4 8;
    %jmp/0xz  T_27.0, 8;
    %pushi/vec4 0, 0, 1;
    %ix/load 4, 25, 0;
    %ix/load 5, 0, 0;
    %flag_set/imm 4, 0;
    %assign/vec4/off/d v0x55857ddc6720_0, 4, 5;
    %jmp T_27.1;
T_27.0 ;
    %load/vec4 v0x55857dd7b7b0_0;
    %flag_set/vec4 8;
    %jmp/0xz  T_27.2, 8;
    %load/vec4 v0x55857ddb4910_0;
    %parti/s 1, 25, 6;
    %ix/load 4, 25, 0;
    %ix/load 5, 0, 0;
    %flag_set/imm 4, 0;
    %assign/vec4/off/d v0x55857ddc6720_0, 4, 5;
T_27.2 ;
T_27.1 ;
    %jmp T_27;
    .thread T_27;
    .scope S_0x55857dda4090;
T_28 ;
    %wait E_0x55857dcbf320;
    %load/vec4 v0x55857dd7f340_0;
    %flag_set/vec4 8;
    %jmp/0xz  T_28.0, 8;
    %pushi/vec4 0, 0, 1;
    %ix/load 4, 26, 0;
    %ix/load 5, 0, 0;
    %flag_set/imm 4, 0;
    %assign/vec4/off/d v0x55857ddc6720_0, 4, 5;
    %jmp T_28.1;
T_28.0 ;
    %load/vec4 v0x55857dd7b7b0_0;
    %flag_set/vec4 8;
    %jmp/0xz  T_28.2, 8;
    %load/vec4 v0x55857ddb4910_0;
    %parti/s 1, 26, 6;
    %ix/load 4, 26, 0;
    %ix/load 5, 0, 0;
    %flag_set/imm 4, 0;
    %assign/vec4/off/d v0x55857ddc6720_0, 4, 5;
T_28.2 ;
T_28.1 ;
    %jmp T_28;
    .thread T_28;
    .scope S_0x55857dda4090;
T_29 ;
    %wait E_0x55857dcbf320;
    %load/vec4 v0x55857dd7f340_0;
    %flag_set/vec4 8;
    %jmp/0xz  T_29.0, 8;
    %pushi/vec4 0, 0, 1;
    %ix/load 4, 27, 0;
    %ix/load 5, 0, 0;
    %flag_set/imm 4, 0;
    %assign/vec4/off/d v0x55857ddc6720_0, 4, 5;
    %jmp T_29.1;
T_29.0 ;
    %load/vec4 v0x55857dd7b7b0_0;
    %flag_set/vec4 8;
    %jmp/0xz  T_29.2, 8;
    %load/vec4 v0x55857ddb4910_0;
    %parti/s 1, 27, 6;
    %ix/load 4, 27, 0;
    %ix/load 5, 0, 0;
    %flag_set/imm 4, 0;
    %assign/vec4/off/d v0x55857ddc6720_0, 4, 5;
T_29.2 ;
T_29.1 ;
    %jmp T_29;
    .thread T_29;
    .scope S_0x55857dda4090;
T_30 ;
    %wait E_0x55857dcbf320;
    %load/vec4 v0x55857dd7f340_0;
    %flag_set/vec4 8;
    %jmp/0xz  T_30.0, 8;
    %pushi/vec4 0, 0, 1;
    %ix/load 4, 28, 0;
    %ix/load 5, 0, 0;
    %flag_set/imm 4, 0;
    %assign/vec4/off/d v0x55857ddc6720_0, 4, 5;
    %jmp T_30.1;
T_30.0 ;
    %load/vec4 v0x55857dd7b7b0_0;
    %flag_set/vec4 8;
    %jmp/0xz  T_30.2, 8;
    %load/vec4 v0x55857ddb4910_0;
    %parti/s 1, 28, 6;
    %ix/load 4, 28, 0;
    %ix/load 5, 0, 0;
    %flag_set/imm 4, 0;
    %assign/vec4/off/d v0x55857ddc6720_0, 4, 5;
T_30.2 ;
T_30.1 ;
    %jmp T_30;
    .thread T_30;
    .scope S_0x55857dda4090;
T_31 ;
    %wait E_0x55857dcbf320;
    %load/vec4 v0x55857dd7f340_0;
    %flag_set/vec4 8;
    %jmp/0xz  T_31.0, 8;
    %pushi/vec4 0, 0, 1;
    %ix/load 4, 29, 0;
    %ix/load 5, 0, 0;
    %flag_set/imm 4, 0;
    %assign/vec4/off/d v0x55857ddc6720_0, 4, 5;
    %jmp T_31.1;
T_31.0 ;
    %load/vec4 v0x55857dd7b7b0_0;
    %flag_set/vec4 8;
    %jmp/0xz  T_31.2, 8;
    %load/vec4 v0x55857ddb4910_0;
    %parti/s 1, 29, 6;
    %ix/load 4, 29, 0;
    %ix/load 5, 0, 0;
    %flag_set/imm 4, 0;
    %assign/vec4/off/d v0x55857ddc6720_0, 4, 5;
T_31.2 ;
T_31.1 ;
    %jmp T_31;
    .thread T_31;
    .scope S_0x55857dda4090;
T_32 ;
    %wait E_0x55857dcbf320;
    %load/vec4 v0x55857dd7f340_0;
    %flag_set/vec4 8;
    %jmp/0xz  T_32.0, 8;
    %pushi/vec4 0, 0, 1;
    %ix/load 4, 30, 0;
    %ix/load 5, 0, 0;
    %flag_set/imm 4, 0;
    %assign/vec4/off/d v0x55857ddc6720_0, 4, 5;
    %jmp T_32.1;
T_32.0 ;
    %load/vec4 v0x55857dd7b7b0_0;
    %flag_set/vec4 8;
    %jmp/0xz  T_32.2, 8;
    %load/vec4 v0x55857ddb4910_0;
    %parti/s 1, 30, 6;
    %ix/load 4, 30, 0;
    %ix/load 5, 0, 0;
    %flag_set/imm 4, 0;
    %assign/vec4/off/d v0x55857ddc6720_0, 4, 5;
T_32.2 ;
T_32.1 ;
    %jmp T_32;
    .thread T_32;
    .scope S_0x55857dda4090;
T_33 ;
    %wait E_0x55857dcbf320;
    %load/vec4 v0x55857dd7f340_0;
    %flag_set/vec4 8;
    %jmp/0xz  T_33.0, 8;
    %pushi/vec4 0, 0, 1;
    %ix/load 4, 31, 0;
    %ix/load 5, 0, 0;
    %flag_set/imm 4, 0;
    %assign/vec4/off/d v0x55857ddc6720_0, 4, 5;
    %jmp T_33.1;
T_33.0 ;
    %load/vec4 v0x55857dd7b7b0_0;
    %flag_set/vec4 8;
    %jmp/0xz  T_33.2, 8;
    %load/vec4 v0x55857ddb4910_0;
    %parti/s 1, 31, 6;
    %ix/load 4, 31, 0;
    %ix/load 5, 0, 0;
    %flag_set/imm 4, 0;
    %assign/vec4/off/d v0x55857ddc6720_0, 4, 5;
T_33.2 ;
T_33.1 ;
    %jmp T_33;
    .thread T_33;
    .scope S_0x55857dcfd4c0;
T_34 ;
    %pushi/str "";
    %store/str v0x55857ddc7860_0;
    %pushi/vec4 1, 0, 1;
    %store/vec4 v0x55857ddc7320_0, 0, 1;
    %end;
    .thread T_34, $init;
    .scope S_0x55857dcfd4c0;
T_35 ;
    %pushi/vec4 0, 0, 1;
    %store/vec4 v0x55857ddc71e0_0, 0, 1;
    %pushi/vec4 0, 0, 1;
    %store/vec4 v0x55857ddc7b30_0, 0, 1;
    %pushi/vec4 0, 0, 1;
    %store/vec4 v0x55857ddc7410_0, 0, 1;
    %pushi/vec4 0, 0, 1;
    %store/vec4 v0x55857ddc7280_0, 0, 1;
    %pushi/vec4 0, 0, 1;
    %store/vec4 v0x55857ddc7120_0, 0, 1;
    %pushi/vec4 0, 0, 1;
    %store/vec4 v0x55857ddc76c0_0, 0, 1;
    %pushi/vec4 0, 0, 4;
    %store/vec4 v0x55857ddc75f0_0, 0, 4;
    %end;
    .thread T_35;
    .scope S_0x55857dcfd4c0;
T_36 ;
    %load/vec4 v0x55857ddc71e0_0;
    %inv;
    %store/vec4 v0x55857ddc7020_0, 0, 1;
    %pushi/vec4 500, 0, 64;
    %ix/vec4 4;
    %delayx 4;
    %load/vec4 v0x55857ddc7020_0;
    %store/vec4 v0x55857ddc71e0_0, 0, 1;
    %jmp T_36;
    .thread T_36;
    .scope S_0x55857dcfd4c0;
T_37 ;
    %vpi_call/w 3 73 "$dumpfile", "tb_charbuf.vcd" {0 0 0};
    %vpi_call/w 3 74 "$dumpvars", 32'sb00000000000000000000000000000000, S_0x55857dcfd4c0 {0 0 0};
    %pushi/vec4 0, 0, 32;
    %store/vec4 v0x55857ddc7a70_0, 0, 32;
    %pushi/vec4 0, 0, 32;
    %store/vec4 v0x55857ddc7c00_0, 0, 32;
    %pushi/vec4 0, 0, 32;
    %store/vec4 v0x55857ddc7550_0, 0, 32;
    %pushi/vec4 1, 0, 1;
    %store/vec4 v0x55857ddc74b0_0, 0, 1;
    %pushi/vec4 0, 0, 32; draw_string_vec4
    %pushi/vec4 0, 0, 32; draw_string_vec4
    %concat/vec4; draw_string_vec4
    %pushi/vec4 80, 0, 32; draw_string_vec4
    %concat/vec4; draw_string_vec4
    %pushi/vec4 1870095730, 0, 32; draw_string_vec4
    %concat/vec4; draw_string_vec4
    %pushi/vec4 762277408, 0, 32; draw_string_vec4
    %concat/vec4; draw_string_vec4
    %pushi/vec4 1919251301, 0, 32; draw_string_vec4
    %concat/vec4; draw_string_vec4
    %pushi/vec4 1948284005, 0, 32; draw_string_vec4
    %concat/vec4; draw_string_vec4
    %pushi/vec4 1936990306, 0, 32; draw_string_vec4
    %concat/vec4; draw_string_vec4
    %pushi/vec4 1701212018, 0, 32; draw_string_vec4
    %concat/vec4; draw_string_vec4
    %pushi/vec4 1696621420, 0, 32; draw_string_vec4
    %concat/vec4; draw_string_vec4
    %pushi/vec4 1868786464, 0, 32; draw_string_vec4
    %concat/vec4; draw_string_vec4
    %pushi/vec4 1701078885, 0, 32; draw_string_vec4
    %concat/vec4; draw_string_vec4
    %store/vec4 v0x55857ddc7900_0, 0, 384;
    %pushi/vec4 1, 0, 1;
    %store/vec4 v0x55857ddc7b30_0, 0, 1;
    %delay 400, 0;
    %fork TD_tb_charbuf.check_outputs, S_0x55857dda3ee0;
    %join;
    %delay 600, 0;
    %pushi/vec4 0, 0, 32; draw_string_vec4
    %pushi/vec4 0, 0, 32; draw_string_vec4
    %concat/vec4; draw_string_vec4
    %pushi/vec4 0, 0, 32; draw_string_vec4
    %concat/vec4; draw_string_vec4
    %pushi/vec4 0, 0, 32; draw_string_vec4
    %concat/vec4; draw_string_vec4
    %pushi/vec4 0, 0, 32; draw_string_vec4
    %concat/vec4; draw_string_vec4
    %pushi/vec4 0, 0, 32; draw_string_vec4
    %concat/vec4; draw_string_vec4
    %pushi/vec4 0, 0, 32; draw_string_vec4
    %concat/vec4; draw_string_vec4
    %pushi/vec4 0, 0, 32; draw_string_vec4
    %concat/vec4; draw_string_vec4
    %pushi/vec4 5271411, 0, 32; draw_string_vec4
    %concat/vec4; draw_string_vec4
    %pushi/vec4 1949135461, 0, 32; draw_string_vec4
    %concat/vec4; draw_string_vec4
    %pushi/vec4 1936028704, 0, 32; draw_string_vec4
    %concat/vec4; draw_string_vec4
    %pushi/vec4 1952805748, 0, 32; draw_string_vec4
    %concat/vec4; draw_string_vec4
    %store/vec4 v0x55857ddc7900_0, 0, 384;
    %pushi/vec4 0, 0, 1;
    %store/vec4 v0x55857ddc7b30_0, 0, 1;
    %delay 1000, 0;
    %fork TD_tb_charbuf.check_outputs, S_0x55857dda3ee0;
    %join;
    %pushi/vec4 0, 0, 32; draw_string_vec4
    %pushi/vec4 0, 0, 32; draw_string_vec4
    %concat/vec4; draw_string_vec4
    %pushi/vec4 0, 0, 32; draw_string_vec4
    %concat/vec4; draw_string_vec4
    %pushi/vec4 0, 0, 32; draw_string_vec4
    %concat/vec4; draw_string_vec4
    %pushi/vec4 0, 0, 32; draw_string_vec4
    %concat/vec4; draw_string_vec4
    %pushi/vec4 21369, 0, 32; draw_string_vec4
    %concat/vec4; draw_string_vec4
    %pushi/vec4 1852008562, 0, 32; draw_string_vec4
    %concat/vec4; draw_string_vec4
    %pushi/vec4 1869508469, 0, 32; draw_string_vec4
    %concat/vec4; draw_string_vec4
    %pushi/vec4 1931502444, 0, 32; draw_string_vec4
    %concat/vec4; draw_string_vec4
    %pushi/vec4 1914729061, 0, 32; draw_string_vec4
    %concat/vec4; draw_string_vec4
    %pushi/vec4 1936028704, 0, 32; draw_string_vec4
    %concat/vec4; draw_string_vec4
    %pushi/vec4 1952805748, 0, 32; draw_string_vec4
    %concat/vec4; draw_string_vec4
    %store/vec4 v0x55857ddc7900_0, 0, 384;
    %pushi/vec4 1, 0, 1;
    %store/vec4 v0x55857ddc7280_0, 0, 1;
    %delay 400, 0;
    %fork TD_tb_charbuf.check_outputs, S_0x55857dda3ee0;
    %join;
    %delay 600, 0;
    %fork TD_tb_charbuf.check_outputs, S_0x55857dda3ee0;
    %join;
    %pushi/vec4 0, 0, 32; draw_string_vec4
    %pushi/vec4 0, 0, 32; draw_string_vec4
    %concat/vec4; draw_string_vec4
    %pushi/vec4 0, 0, 32; draw_string_vec4
    %concat/vec4; draw_string_vec4
    %pushi/vec4 0, 0, 32; draw_string_vec4
    %concat/vec4; draw_string_vec4
    %pushi/vec4 0, 0, 32; draw_string_vec4
    %concat/vec4; draw_string_vec4
    %pushi/vec4 0, 0, 32; draw_string_vec4
    %concat/vec4; draw_string_vec4
    %pushi/vec4 67, 0, 32; draw_string_vec4
    %concat/vec4; draw_string_vec4
    %pushi/vec4 1819239275, 0, 32; draw_string_vec4
    %concat/vec4; draw_string_vec4
    %pushi/vec4 543780384, 0, 32; draw_string_vec4
    %concat/vec4; draw_string_vec4
    %pushi/vec4 892084334, 0, 32; draw_string_vec4
    %concat/vec4; draw_string_vec4
    %pushi/vec4 1864394094, 0, 32; draw_string_vec4
    %concat/vec4; draw_string_vec4
    %pushi/vec4 1633840229, 0, 32; draw_string_vec4
    %concat/vec4; draw_string_vec4
    %store/vec4 v0x55857ddc7900_0, 0, 384;
    %pushi/vec4 0, 0, 1;
    %store/vec4 v0x55857ddc7280_0, 0, 1;
    %delay 400, 0;
    %pushi/vec4 5, 0, 4;
    %store/vec4 v0x55857ddc75f0_0, 0, 4;
    %delay 600, 0;
    %fork TD_tb_charbuf.check_outputs, S_0x55857dda3ee0;
    %join;
    %pushi/vec4 0, 0, 1;
    %store/vec4 v0x55857ddc7320_0, 0, 1;
    %pushi/vec4 1, 0, 1;
    %store/vec4 v0x55857ddc7410_0, 0, 1;
    %fork t_3, S_0x55857dc81cf0;
    %jmp t_2;
    .scope S_0x55857dc81cf0;
t_3 ;
    %pushi/vec4 1, 0, 32;
    %store/vec4 v0x55857dd79e10_0, 0, 32;
T_37.0 ;
    %load/vec4 v0x55857dd79e10_0;
    %cmpi/s 16, 0, 32;
    %jmp/0xz T_37.1, 5;
    %load/vec4 v0x55857ddc7550_0;
    %parti/s 28, 0, 2;
    %concati/vec4 0, 0, 4;
    %pushi/vec4 0, 0, 28;
    %load/vec4 v0x55857dd79e10_0;
    %pad/s 4;
    %concat/vec4; draw_concat_vec4
    %or;
    %store/vec4 v0x55857ddc7550_0, 0, 32;
    %load/vec4 v0x55857ddc7550_0;
    %or/r;
    %nor/r;
    %store/vec4 v0x55857ddc74b0_0, 0, 1;
    %vpi_func/s 3 112 "$sformatf", "Clock in %0d, enabled", v0x55857dd79e10_0 {0 0 0};
    %store/str v0x55857ddc7860_0;
    %load/vec4 v0x55857dd79e10_0;
    %pad/s 4;
    %store/vec4 v0x55857ddc75f0_0, 0, 4;
    %delay 600, 0;
    %fork TD_tb_charbuf.check_outputs, S_0x55857dda3ee0;
    %join;
    %delay 400, 0;
    ; show_stmt_assign_vector: Get l-value for compressed += operand
    %load/vec4 v0x55857dd79e10_0;
    %pushi/vec4 1, 0, 32;
    %add;
    %store/vec4 v0x55857dd79e10_0, 0, 32;
    %jmp T_37.0;
T_37.1 ;
    %end;
    .scope S_0x55857dcfd4c0;
t_2 %join;
    %pushi/vec4 1, 0, 1;
    %store/vec4 v0x55857ddc7320_0, 0, 1;
    %pushi/vec4 0, 0, 32; draw_string_vec4
    %pushi/vec4 0, 0, 32; draw_string_vec4
    %concat/vec4; draw_string_vec4
    %pushi/vec4 0, 0, 32; draw_string_vec4
    %concat/vec4; draw_string_vec4
    %pushi/vec4 0, 0, 32; draw_string_vec4
    %concat/vec4; draw_string_vec4
    %pushi/vec4 0, 0, 32; draw_string_vec4
    %concat/vec4; draw_string_vec4
    %pushi/vec4 0, 0, 32; draw_string_vec4
    %concat/vec4; draw_string_vec4
    %pushi/vec4 66, 0, 32; draw_string_vec4
    %concat/vec4; draw_string_vec4
    %pushi/vec4 1633905523, 0, 32; draw_string_vec4
    %concat/vec4; draw_string_vec4
    %pushi/vec4 1885430629, 0, 32; draw_string_vec4
    %concat/vec4; draw_string_vec4
    %pushi/vec4 544696692, 0, 32; draw_string_vec4
    %concat/vec4; draw_string_vec4
    %pushi/vec4 1746953582, 0, 32; draw_string_vec4
    %concat/vec4; draw_string_vec4
    %pushi/vec4 1633840229, 0, 32; draw_string_vec4
    %concat/vec4; draw_string_vec4
    %store/vec4 v0x55857ddc7900_0, 0, 384;
    %pushi/vec4 0, 0, 4;
    %load/vec4 v0x55857ddc7550_0;
    %parti/s 28, 4, 4;
    %concat/vec4; draw_concat_vec4
    %store/vec4 v0x55857ddc7550_0, 0, 32;
    %load/vec4 v0x55857ddc7550_0;
    %or/r;
    %nor/r;
    %store/vec4 v0x55857ddc74b0_0, 0, 1;
    %pushi/vec4 1, 0, 1;
    %store/vec4 v0x55857ddc7120_0, 0, 1;
    %delay 1000, 0;
    %fork TD_tb_charbuf.check_outputs, S_0x55857dda3ee0;
    %join;
    %pushi/vec4 0, 0, 32; draw_string_vec4
    %pushi/vec4 0, 0, 32; draw_string_vec4
    %concat/vec4; draw_string_vec4
    %pushi/vec4 0, 0, 32; draw_string_vec4
    %concat/vec4; draw_string_vec4
    %pushi/vec4 0, 0, 32; draw_string_vec4
    %concat/vec4; draw_string_vec4
    %pushi/vec4 0, 0, 32; draw_string_vec4
    %concat/vec4; draw_string_vec4
    %pushi/vec4 0, 0, 32; draw_string_vec4
    %concat/vec4; draw_string_vec4
    %pushi/vec4 1113678699, 0, 32; draw_string_vec4
    %concat/vec4; draw_string_vec4
    %pushi/vec4 1936744803, 0, 32; draw_string_vec4
    %concat/vec4; draw_string_vec4
    %pushi/vec4 1696626537, 0, 32; draw_string_vec4
    %concat/vec4; draw_string_vec4
    %pushi/vec4 1952981102, 0, 32; draw_string_vec4
    %concat/vec4; draw_string_vec4
    %pushi/vec4 1864394094, 0, 32; draw_string_vec4
    %concat/vec4; draw_string_vec4
    %pushi/vec4 1633840229, 0, 32; draw_string_vec4
    %concat/vec4; draw_string_vec4
    %store/vec4 v0x55857ddc7900_0, 0, 384;
    %pushi/vec4 0, 0, 1;
    %store/vec4 v0x55857ddc7410_0, 0, 1;
    %delay 1000, 0;
    %fork TD_tb_charbuf.check_outputs, S_0x55857dda3ee0;
    %join;
    %pushi/vec4 0, 0, 32; draw_string_vec4
    %pushi/vec4 80, 0, 32; draw_string_vec4
    %concat/vec4; draw_string_vec4
    %pushi/vec4 1869837357, 0, 32; draw_string_vec4
    %concat/vec4; draw_string_vec4
    %pushi/vec4 1869636978, 0, 32; draw_string_vec4
    %concat/vec4; draw_string_vec4
    %pushi/vec4 1635019119, 0, 32; draw_string_vec4
    %concat/vec4; draw_string_vec4
    %pushi/vec4 1847620473, 0, 32; draw_string_vec4
    %concat/vec4; draw_string_vec4
    %pushi/vec4 1852008562, 0, 32; draw_string_vec4
    %concat/vec4; draw_string_vec4
    %pushi/vec4 1869508469, 0, 32; draw_string_vec4
    %concat/vec4; draw_string_vec4
    %pushi/vec4 1931502444, 0, 32; draw_string_vec4
    %concat/vec4; draw_string_vec4
    %pushi/vec4 1914729061, 0, 32; draw_string_vec4
    %concat/vec4; draw_string_vec4
    %pushi/vec4 1936028704, 0, 32; draw_string_vec4
    %concat/vec4; draw_string_vec4
    %pushi/vec4 1952805748, 0, 32; draw_string_vec4
    %concat/vec4; draw_string_vec4
    %store/vec4 v0x55857ddc7900_0, 0, 384;
    %pushi/vec4 1, 0, 1;
    %store/vec4 v0x55857ddc7280_0, 0, 1;
    %pushi/vec4 0, 0, 32;
    %store/vec4 v0x55857ddc7550_0, 0, 32;
    %pushi/vec4 1, 0, 1;
    %store/vec4 v0x55857ddc74b0_0, 0, 1;
    %delay 1000, 0;
    %fork TD_tb_charbuf.check_outputs, S_0x55857dda3ee0;
    %join;
    %pushi/vec4 0, 0, 32; draw_string_vec4
    %pushi/vec4 0, 0, 32; draw_string_vec4
    %concat/vec4; draw_string_vec4
    %pushi/vec4 0, 0, 32; draw_string_vec4
    %concat/vec4; draw_string_vec4
    %pushi/vec4 0, 0, 32; draw_string_vec4
    %concat/vec4; draw_string_vec4
    %pushi/vec4 0, 0, 32; draw_string_vec4
    %concat/vec4; draw_string_vec4
    %pushi/vec4 0, 0, 32; draw_string_vec4
    %concat/vec4; draw_string_vec4
    %pushi/vec4 26995, 0, 32; draw_string_vec4
    %concat/vec4; draw_string_vec4
    %pushi/vec4 1600353394, 0, 32; draw_string_vec4
    %concat/vec4; draw_string_vec4
    %pushi/vec4 1815949612, 0, 32; draw_string_vec4
    %concat/vec4; draw_string_vec4
    %pushi/vec4 543780467, 0, 32; draw_string_vec4
    %concat/vec4; draw_string_vec4
    %pushi/vec4 1701999648, 0, 32; draw_string_vec4
    %concat/vec4; draw_string_vec4
    %pushi/vec4 1667785074, 0, 32; draw_string_vec4
    %concat/vec4; draw_string_vec4
    %store/vec4 v0x55857ddc7900_0, 0, 384;
    %pushi/vec4 1, 0, 1;
    %store/vec4 v0x55857ddc76c0_0, 0, 1;
    %pushi/vec4 5, 0, 4;
    %store/vec4 v0x55857ddc75f0_0, 0, 4;
    %delay 1000, 0;
    %fork TD_tb_charbuf.check_outputs, S_0x55857dda3ee0;
    %join;
    %pushi/vec4 0, 0, 32; draw_string_vec4
    %pushi/vec4 0, 0, 32; draw_string_vec4
    %concat/vec4; draw_string_vec4
    %pushi/vec4 0, 0, 32; draw_string_vec4
    %concat/vec4; draw_string_vec4
    %pushi/vec4 0, 0, 32; draw_string_vec4
    %concat/vec4; draw_string_vec4
    %pushi/vec4 0, 0, 32; draw_string_vec4
    %concat/vec4; draw_string_vec4
    %pushi/vec4 0, 0, 32; draw_string_vec4
    %concat/vec4; draw_string_vec4
    %pushi/vec4 0, 0, 32; draw_string_vec4
    %concat/vec4; draw_string_vec4
    %pushi/vec4 0, 0, 32; draw_string_vec4
    %concat/vec4; draw_string_vec4
    %pushi/vec4 1181314657, 0, 32; draw_string_vec4
    %concat/vec4; draw_string_vec4
    %pushi/vec4 1814065765, 0, 32; draw_string_vec4
    %concat/vec4; draw_string_vec4
    %pushi/vec4 1936028704, 0, 32; draw_string_vec4
    %concat/vec4; draw_string_vec4
    %pushi/vec4 1952805748, 0, 32; draw_string_vec4
    %concat/vec4; draw_string_vec4
    %store/vec4 v0x55857ddc7900_0, 0, 384;
    %pushi/vec4 1, 0, 1;
    %store/vec4 v0x55857ddc7b30_0, 0, 1;
    %delay 1000, 0;
    %fork TD_tb_charbuf.check_outputs, S_0x55857dda3ee0;
    %join;
    %delay 5000, 0;
    %vpi_call/w 3 150 "$display", "charbuf score: %0d/%0d tests", v0x55857ddc7a70_0, v0x55857ddc7c00_0 {0 0 0};
    %load/vec4 v0x55857ddc7a70_0;
    %load/vec4 v0x55857ddc7c00_0;
    %cmp/ne;
    %flag_get/vec4 4;
    %vpi_call/w 3 151 "$finish", S<0,vec4,u1> {1 0 0};
    %end;
    .thread T_37;
# The file index is used to find the file name in the following table.
:file_names 5;
    "N/A";
    "<interactive>";
    "-";
    "tb.sv";
    "charbuf.v";
